Vivado Simulator 2019.2
Copyright 1986-1999, 2001-2019 Xilinx, Inc. All Rights Reserved.
Running: C:/Xilinx/Vivado/2019.2/bin/unwrapped/win64.o/xelab.exe -wto 823e0d4ee75d4cf3be47bbd0d97c58fc --incr --debug typical --relax --mt 2 -L xil_defaultlib -L unisims_ver -L unimacro_ver -L secureip -L xpm --snapshot testbench_behav xil_defaultlib.testbench xil_defaultlib.glbl -log elaborate.log 
Using 2 slave threads.
Starting static elaboration
Pass Through NonSizing Optimizer
WARNING: [VRFC 10-3091] actual bit length 32 differs from formal bit length 26 for port 'M' [C:/Users/lefev/Desktop/SpaceTerm/SpaceTerm/SpaceTerm.srcs/sources_1/new/vga.sv:134]
WARNING: [VRFC 10-5021] port 'PS2_DATA' is not connected on this instance [C:/Users/lefev/Desktop/SpaceTerm/SpaceTerm/SpaceTerm.srcs/sim_1/new/testbench.sv:10]
WARNING: [VRFC 10-3091] actual bit length 16 differs from formal bit length 26 for port 'M' [C:/Users/lefev/Desktop/SpaceTerm/SpaceTerm/SpaceTerm.srcs/sources_1/new/vga.sv:161]
Completed static elaboration
Starting simulation data flow analysis
WARNING: [XSIM 43-4099] "C:/Users/lefev/Desktop/SpaceTerm/SpaceTerm/SpaceTerm.srcs/sources_1/new/vga.sv" Line 5. Module vga_default doesn't have a timescale but at least one module in design has a timescale.
WARNING: [XSIM 43-4099] "C:/Users/lefev/Desktop/SpaceTerm/SpaceTerm/SpaceTerm.srcs/sources_1/new/ps2rx.sv" Line 5. Module ps2rx doesn't have a timescale but at least one module in design has a timescale.
WARNING: [XSIM 43-4099] "C:/Users/lefev/Desktop/SpaceTerm/SpaceTerm/SpaceTerm.srcs/sources_1/new/lfsr16.sv" Line 2. Module lfsr16 doesn't have a timescale but at least one module in design has a timescale.
WARNING: [XSIM 43-4099] "C:/Users/lefev/Desktop/SpaceTerm/SpaceTerm/SpaceTerm.srcs/sources_1/new/mod_m_counter.sv" Line 2. Module mod_m_counter doesn't have a timescale but at least one module in design has a timescale.
WARNING: [XSIM 43-4099] "C:/Users/lefev/Desktop/SpaceTerm/SpaceTerm/SpaceTerm.srcs/sources_1/new/circle_math.sv" Line 2. Module circle_math doesn't have a timescale but at least one module in design has a timescale.
WARNING: [XSIM 43-4099] "C:/Users/lefev/Desktop/SpaceTerm/SpaceTerm/SpaceTerm.srcs/sources_1/new/circle_math.sv" Line 2. Module circle_math doesn't have a timescale but at least one module in design has a timescale.
WARNING: [XSIM 43-4099] "C:/Users/lefev/Desktop/SpaceTerm/SpaceTerm/SpaceTerm.srcs/sources_1/new/circle_math.sv" Line 2. Module circle_math doesn't have a timescale but at least one module in design has a timescale.
WARNING: [XSIM 43-4099] "C:/Users/lefev/Desktop/SpaceTerm/SpaceTerm/SpaceTerm.srcs/sources_1/new/circle_math.sv" Line 2. Module circle_math doesn't have a timescale but at least one module in design has a timescale.
WARNING: [XSIM 43-4099] "C:/Users/lefev/Desktop/SpaceTerm/SpaceTerm/SpaceTerm.srcs/sources_1/new/circle_math.sv" Line 2. Module circle_math doesn't have a timescale but at least one module in design has a timescale.
WARNING: [XSIM 43-4099] "C:/Users/lefev/Desktop/SpaceTerm/SpaceTerm/SpaceTerm.srcs/sources_1/new/circle_math.sv" Line 2. Module circle_math doesn't have a timescale but at least one module in design has a timescale.
WARNING: [XSIM 43-4099] "C:/Users/lefev/Desktop/SpaceTerm/SpaceTerm/SpaceTerm.srcs/sources_1/new/mod_m_counter.sv" Line 2. Module mod_m_counter doesn't have a timescale but at least one module in design has a timescale.
WARNING: [XSIM 43-4099] "C:/Users/lefev/Desktop/SpaceTerm/SpaceTerm/SpaceTerm.srcs/sources_1/new/mod_m_counter.sv" Line 2. Module mod_m_counter doesn't have a timescale but at least one module in design has a timescale.
WARNING: [XSIM 43-4099] "C:/Users/lefev/Desktop/SpaceTerm/SpaceTerm/SpaceTerm.srcs/sources_1/new/mod_m_counter.sv" Line 2. Module mod_m_counter doesn't have a timescale but at least one module in design has a timescale.
WARNING: [XSIM 43-4099] "C:/Users/lefev/Desktop/SpaceTerm/SpaceTerm/SpaceTerm.srcs/sources_1/new/mod_m_counter.sv" Line 2. Module mod_m_counter doesn't have a timescale but at least one module in design has a timescale.
WARNING: [XSIM 43-4099] "C:/Users/lefev/Desktop/SpaceTerm/SpaceTerm/SpaceTerm.srcs/sources_1/new/mod_m_counter.sv" Line 2. Module mod_m_counter doesn't have a timescale but at least one module in design has a timescale.
WARNING: [XSIM 43-4099] "C:/Users/lefev/Desktop/SpaceTerm/SpaceTerm/SpaceTerm.srcs/sources_1/new/mod_m_counter.sv" Line 2. Module mod_m_counter doesn't have a timescale but at least one module in design has a timescale.
WARNING: [XSIM 43-4099] "C:/Users/lefev/Desktop/SpaceTerm/SpaceTerm/SpaceTerm.srcs/sources_1/new/sin_rom.sv" Line 1. Module sin_rom doesn't have a timescale but at least one module in design has a timescale.
WARNING: [XSIM 43-4099] "C:/Users/lefev/Desktop/SpaceTerm/SpaceTerm/SpaceTerm.srcs/sources_1/new/sin_rom.sv" Line 1. Module sin_rom doesn't have a timescale but at least one module in design has a timescale.
WARNING: [XSIM 43-4099] "C:/Users/lefev/Desktop/SpaceTerm/SpaceTerm/SpaceTerm.srcs/sources_1/new/twos_complement.sv" Line 2. Module twos_complement doesn't have a timescale but at least one module in design has a timescale.
WARNING: [XSIM 43-4099] "C:/Users/lefev/Desktop/SpaceTerm/SpaceTerm/SpaceTerm.srcs/sources_1/new/twos_complement.sv" Line 2. Module twos_complement doesn't have a timescale but at least one module in design has a timescale.
WARNING: [XSIM 43-4099] "C:/Users/lefev/Desktop/SpaceTerm/SpaceTerm/SpaceTerm.srcs/sources_1/new/sin_rom.sv" Line 1. Module sin_rom doesn't have a timescale but at least one module in design has a timescale.
WARNING: [XSIM 43-4099] "C:/Users/lefev/Desktop/SpaceTerm/SpaceTerm/SpaceTerm.srcs/sources_1/new/sin_rom.sv" Line 1. Module sin_rom doesn't have a timescale but at least one module in design has a timescale.
WARNING: [XSIM 43-4099] "C:/Users/lefev/Desktop/SpaceTerm/SpaceTerm/SpaceTerm.srcs/sources_1/new/twos_complement.sv" Line 2. Module twos_complement doesn't have a timescale but at least one module in design has a timescale.
WARNING: [XSIM 43-4099] "C:/Users/lefev/Desktop/SpaceTerm/SpaceTerm/SpaceTerm.srcs/sources_1/new/twos_complement.sv" Line 2. Module twos_complement doesn't have a timescale but at least one module in design has a timescale.
WARNING: [XSIM 43-4099] "C:/Users/lefev/Desktop/SpaceTerm/SpaceTerm/SpaceTerm.srcs/sources_1/new/sin_rom.sv" Line 1. Module sin_rom doesn't have a timescale but at least one module in design has a timescale.
WARNING: [XSIM 43-4099] "C:/Users/lefev/Desktop/SpaceTerm/SpaceTerm/SpaceTerm.srcs/sources_1/new/sin_rom.sv" Line 1. Module sin_rom doesn't have a timescale but at least one module in design has a timescale.
WARNING: [XSIM 43-4099] "C:/Users/lefev/Desktop/SpaceTerm/SpaceTerm/SpaceTerm.srcs/sources_1/new/twos_complement.sv" Line 2. Module twos_complement doesn't have a timescale but at least one module in design has a timescale.
WARNING: [XSIM 43-4099] "C:/Users/lefev/Desktop/SpaceTerm/SpaceTerm/SpaceTerm.srcs/sources_1/new/twos_complement.sv" Line 2. Module twos_complement doesn't have a timescale but at least one module in design has a timescale.
WARNING: [XSIM 43-4099] "C:/Users/lefev/Desktop/SpaceTerm/SpaceTerm/SpaceTerm.srcs/sources_1/new/sin_rom.sv" Line 1. Module sin_rom doesn't have a timescale but at least one module in design has a timescale.
WARNING: [XSIM 43-4099] "C:/Users/lefev/Desktop/SpaceTerm/SpaceTerm/SpaceTerm.srcs/sources_1/new/sin_rom.sv" Line 1. Module sin_rom doesn't have a timescale but at least one module in design has a timescale.
WARNING: [XSIM 43-4099] "C:/Users/lefev/Desktop/SpaceTerm/SpaceTerm/SpaceTerm.srcs/sources_1/new/twos_complement.sv" Line 2. Module twos_complement doesn't have a timescale but at least one module in design has a timescale.
WARNING: [XSIM 43-4099] "C:/Users/lefev/Desktop/SpaceTerm/SpaceTerm/SpaceTerm.srcs/sources_1/new/twos_complement.sv" Line 2. Module twos_complement doesn't have a timescale but at least one module in design has a timescale.
WARNING: [XSIM 43-4099] "C:/Users/lefev/Desktop/SpaceTerm/SpaceTerm/SpaceTerm.srcs/sources_1/new/sin_rom.sv" Line 1. Module sin_rom doesn't have a timescale but at least one module in design has a timescale.
WARNING: [XSIM 43-4099] "C:/Users/lefev/Desktop/SpaceTerm/SpaceTerm/SpaceTerm.srcs/sources_1/new/sin_rom.sv" Line 1. Module sin_rom doesn't have a timescale but at least one module in design has a timescale.
WARNING: [XSIM 43-4099] "C:/Users/lefev/Desktop/SpaceTerm/SpaceTerm/SpaceTerm.srcs/sources_1/new/twos_complement.sv" Line 2. Module twos_complement doesn't have a timescale but at least one module in design has a timescale.
WARNING: [XSIM 43-4099] "C:/Users/lefev/Desktop/SpaceTerm/SpaceTerm/SpaceTerm.srcs/sources_1/new/twos_complement.sv" Line 2. Module twos_complement doesn't have a timescale but at least one module in design has a timescale.
WARNING: [XSIM 43-4099] "C:/Users/lefev/Desktop/SpaceTerm/SpaceTerm/SpaceTerm.srcs/sources_1/new/sin_rom.sv" Line 1. Module sin_rom doesn't have a timescale but at least one module in design has a timescale.
WARNING: [XSIM 43-4099] "C:/Users/lefev/Desktop/SpaceTerm/SpaceTerm/SpaceTerm.srcs/sources_1/new/sin_rom.sv" Line 1. Module sin_rom doesn't have a timescale but at least one module in design has a timescale.
WARNING: [XSIM 43-4099] "C:/Users/lefev/Desktop/SpaceTerm/SpaceTerm/SpaceTerm.srcs/sources_1/new/twos_complement.sv" Line 2. Module twos_complement doesn't have a timescale but at least one module in design has a timescale.
WARNING: [XSIM 43-4099] "C:/Users/lefev/Desktop/SpaceTerm/SpaceTerm/SpaceTerm.srcs/sources_1/new/twos_complement.sv" Line 2. Module twos_complement doesn't have a timescale but at least one module in design has a timescale.
Completed simulation data flow analysis
Time Resolution for simulation is 1ps
Compiling module unisims_ver.PULLUP
Compiling module unisims_ver.IBUF
Compiling module unisims_ver.MMCME2_ADV(CLKFBOUT_MULT_F=9.125...
Compiling module unisims_ver.BUFG
Compiling module xil_defaultlib.CLK25MHz_clk_wiz
Compiling module xil_defaultlib.CLK25MHz
Compiling module xil_defaultlib.ps2rx
Compiling module xil_defaultlib.lfsr16
Compiling module xil_defaultlib.mod_m_counter
Compiling module xil_defaultlib.circle_math
Compiling module xil_defaultlib.sin_rom
Compiling module xil_defaultlib.twos_complement
Compiling module xil_defaultlib.vga_default
Compiling module xil_defaultlib.testbench
Compiling module xil_defaultlib.glbl
Built simulation snapshot testbench_behav
