#-----------------------------------------------------------
# Vivado v2019.2 (64-bit)
# SW Build 2708876 on Wed Nov  6 21:40:23 MST 2019
# IP Build 2700528 on Thu Nov  7 00:09:20 MST 2019
# Start of session at: Wed Apr 15 19:42:18 2020
# Process ID: 18508
# Current directory: C:/Users/lefev/Desktop/SpaceTerm
# Command line: vivado.exe -gui_launcher_event rodinguilauncherevent18840 C:\Users\lefev\Desktop\SpaceTerm\SpaceTerm.xpr
# Log file: C:/Users/lefev/Desktop/SpaceTerm/vivado.log
# Journal file: C:/Users/lefev/Desktop/SpaceTerm\vivado.jou
#-----------------------------------------------------------
start_gui
open_project C:/Users/lefev/Desktop/SpaceTerm/SpaceTerm.xpr
CRITICAL WARNING: [Project 1-19] Could not find the file 'C:/Users/lefev/Desktop/testbench_behav1.wcfg'.
Scanning sources...
Finished scanning sources
INFO: [IP_Flow 19-234] Refreshing IP repositories
INFO: [IP_Flow 19-1704] No user IP repositories specified
INFO: [IP_Flow 19-2313] Loaded Vivado IP repository 'C:/Xilinx/Vivado/2019.2/data/ip'.
update_compile_order -fileset sources_1
open_hw_manager
connect_hw_server -allow_non_jtag
INFO: [Labtools 27-2285] Connecting to hw_server url TCP:localhost:3121
INFO: [Labtools 27-2222] Launching hw_server...
INFO: [Labtools 27-2221] Launch Output:

****** Xilinx hw_server v2019.2
  **** Build date : Nov  6 2019 at 22:12:23
    ** Copyright 1986-2019 Xilinx, Inc. All Rights Reserved.


INFO: [Labtools 27-3415] Connecting to cs_server url TCP:localhost:3042
INFO: [Labtools 27-3417] Launching cs_server...
INFO: [Labtools 27-2221] Launch Output:


****** Xilinx cs_server v2019.2.0
  **** Build date : Nov 06 2019-21:28:22
    ** Copyright 2017-2019 Xilinx, Inc. All Rights Reserved.



connect_hw_server: Time (s): cpu = 00:00:01 ; elapsed = 00:00:09 . Memory (MB): peak = 741.758 ; gain = 0.000
open_hw_target
INFO: [Labtoolstcl 44-466] Opening hw_target localhost:3121/xilinx_tcf/Digilent/210292AA77A8A
set_property PROGRAM.FILE {C:/Users/lefev/Desktop/SpaceTerm/SpaceTerm.runs/impl_1/vga.bit} [get_hw_devices xc7a100t_0]
current_hw_device [get_hw_devices xc7a100t_0]
refresh_hw_device -update_hw_probes false [lindex [get_hw_devices xc7a100t_0] 0]
INFO: [Labtools 27-1435] Device xc7a100t (JTAG device index = 0) is not programmed (DONE status = 0).
set_property PROBES.FILE {} [get_hw_devices xc7a100t_0]
set_property FULL_PROBES.FILE {} [get_hw_devices xc7a100t_0]
set_property PROGRAM.FILE {C:/Users/lefev/Desktop/SpaceTerm/SpaceTerm.runs/impl_1/vga.bit} [get_hw_devices xc7a100t_0]
program_hw_devices [get_hw_devices xc7a100t_0]
INFO: [Labtools 27-3164] End of startup status: HIGH
refresh_hw_device [lindex [get_hw_devices xc7a100t_0] 0]
INFO: [Labtools 27-1434] Device xc7a100t (JTAG device index = 0) is programmed with a design that has no supported debug core(s) in it.
close [ open C:/Users/lefev/Desktop/SpaceTerm/SpaceTerm.srcs/sources_1/new/draw_circle.sv w ]
add_files C:/Users/lefev/Desktop/SpaceTerm/SpaceTerm.srcs/sources_1/new/draw_circle.sv
update_compile_order -fileset sources_1
update_compile_order -fileset sources_1
reset_run synth_1
launch_runs impl_1 -to_step write_bitstream -jobs 8
[Wed Apr 15 20:01:01 2020] Launched synth_1...
Run output will be captured here: C:/Users/lefev/Desktop/SpaceTerm/SpaceTerm.runs/synth_1/runme.log
[Wed Apr 15 20:01:01 2020] Launched impl_1...
Run output will be captured here: C:/Users/lefev/Desktop/SpaceTerm/SpaceTerm.runs/impl_1/runme.log
launch_runs: Time (s): cpu = 00:00:00 ; elapsed = 00:00:07 . Memory (MB): peak = 2064.883 ; gain = 4.625
set_property PROBES.FILE {} [get_hw_devices xc7a100t_0]
set_property FULL_PROBES.FILE {} [get_hw_devices xc7a100t_0]
set_property PROGRAM.FILE {C:/Users/lefev/Desktop/SpaceTerm/SpaceTerm.runs/impl_1/vga.bit} [get_hw_devices xc7a100t_0]
program_hw_devices [get_hw_devices xc7a100t_0]
INFO: [Labtools 27-3164] End of startup status: HIGH
refresh_hw_device [lindex [get_hw_devices xc7a100t_0] 0]
INFO: [Labtools 27-1434] Device xc7a100t (JTAG device index = 0) is programmed with a design that has no supported debug core(s) in it.
reset_run synth_1
launch_runs impl_1 -to_step write_bitstream -jobs 8
[Wed Apr 15 20:13:52 2020] Launched synth_1...
Run output will be captured here: C:/Users/lefev/Desktop/SpaceTerm/SpaceTerm.runs/synth_1/runme.log
[Wed Apr 15 20:13:52 2020] Launched impl_1...
Run output will be captured here: C:/Users/lefev/Desktop/SpaceTerm/SpaceTerm.runs/impl_1/runme.log
set_property PROBES.FILE {} [get_hw_devices xc7a100t_0]
set_property FULL_PROBES.FILE {} [get_hw_devices xc7a100t_0]
set_property PROGRAM.FILE {C:/Users/lefev/Desktop/SpaceTerm/SpaceTerm.runs/impl_1/vga.bit} [get_hw_devices xc7a100t_0]
program_hw_devices [get_hw_devices xc7a100t_0]
INFO: [Labtools 27-3164] End of startup status: HIGH
refresh_hw_device [lindex [get_hw_devices xc7a100t_0] 0]
INFO: [Labtools 27-1434] Device xc7a100t (JTAG device index = 0) is programmed with a design that has no supported debug core(s) in it.
reset_run synth_1
launch_runs impl_1 -to_step write_bitstream -jobs 8
[Wed Apr 15 20:18:32 2020] Launched synth_1...
Run output will be captured here: C:/Users/lefev/Desktop/SpaceTerm/SpaceTerm.runs/synth_1/runme.log
[Wed Apr 15 20:18:32 2020] Launched impl_1...
Run output will be captured here: C:/Users/lefev/Desktop/SpaceTerm/SpaceTerm.runs/impl_1/runme.log
set_property PROBES.FILE {} [get_hw_devices xc7a100t_0]
set_property FULL_PROBES.FILE {} [get_hw_devices xc7a100t_0]
set_property PROGRAM.FILE {C:/Users/lefev/Desktop/SpaceTerm/SpaceTerm.runs/impl_1/vga.bit} [get_hw_devices xc7a100t_0]
program_hw_devices [get_hw_devices xc7a100t_0]
INFO: [Labtools 27-3164] End of startup status: HIGH
refresh_hw_device [lindex [get_hw_devices xc7a100t_0] 0]
INFO: [Labtools 27-1434] Device xc7a100t (JTAG device index = 0) is programmed with a design that has no supported debug core(s) in it.
reset_run synth_1
launch_runs impl_1 -to_step write_bitstream -jobs 8
[Wed Apr 15 20:24:22 2020] Launched synth_1...
Run output will be captured here: C:/Users/lefev/Desktop/SpaceTerm/SpaceTerm.runs/synth_1/runme.log
[Wed Apr 15 20:24:22 2020] Launched impl_1...
Run output will be captured here: C:/Users/lefev/Desktop/SpaceTerm/SpaceTerm.runs/impl_1/runme.log
set_property PROBES.FILE {} [get_hw_devices xc7a100t_0]
set_property FULL_PROBES.FILE {} [get_hw_devices xc7a100t_0]
set_property PROGRAM.FILE {C:/Users/lefev/Desktop/SpaceTerm/SpaceTerm.runs/impl_1/vga.bit} [get_hw_devices xc7a100t_0]
program_hw_devices [get_hw_devices xc7a100t_0]
INFO: [Labtools 27-3164] End of startup status: HIGH
refresh_hw_device [lindex [get_hw_devices xc7a100t_0] 0]
INFO: [Labtools 27-1434] Device xc7a100t (JTAG device index = 0) is programmed with a design that has no supported debug core(s) in it.
update_compile_order -fileset sources_1
reset_run synth_1
launch_runs impl_1 -to_step write_bitstream -jobs 8
[Wed Apr 15 20:34:56 2020] Launched synth_1...
Run output will be captured here: C:/Users/lefev/Desktop/SpaceTerm/SpaceTerm.runs/synth_1/runme.log
[Wed Apr 15 20:34:56 2020] Launched impl_1...
Run output will be captured here: C:/Users/lefev/Desktop/SpaceTerm/SpaceTerm.runs/impl_1/runme.log
set_property PROBES.FILE {} [get_hw_devices xc7a100t_0]
set_property FULL_PROBES.FILE {} [get_hw_devices xc7a100t_0]
set_property PROGRAM.FILE {C:/Users/lefev/Desktop/SpaceTerm/SpaceTerm.runs/impl_1/vga.bit} [get_hw_devices xc7a100t_0]
program_hw_devices [get_hw_devices xc7a100t_0]
INFO: [Labtools 27-3164] End of startup status: HIGH
refresh_hw_device [lindex [get_hw_devices xc7a100t_0] 0]
INFO: [Labtools 27-1434] Device xc7a100t (JTAG device index = 0) is programmed with a design that has no supported debug core(s) in it.
reset_run synth_1
launch_runs impl_1 -to_step write_bitstream -jobs 8
[Wed Apr 15 20:43:37 2020] Launched synth_1...
Run output will be captured here: C:/Users/lefev/Desktop/SpaceTerm/SpaceTerm.runs/synth_1/runme.log
[Wed Apr 15 20:43:37 2020] Launched impl_1...
Run output will be captured here: C:/Users/lefev/Desktop/SpaceTerm/SpaceTerm.runs/impl_1/runme.log
set_property PROBES.FILE {} [get_hw_devices xc7a100t_0]
set_property FULL_PROBES.FILE {} [get_hw_devices xc7a100t_0]
set_property PROGRAM.FILE {C:/Users/lefev/Desktop/SpaceTerm/SpaceTerm.runs/impl_1/vga.bit} [get_hw_devices xc7a100t_0]
program_hw_devices [get_hw_devices xc7a100t_0]
INFO: [Labtools 27-3164] End of startup status: HIGH
refresh_hw_device [lindex [get_hw_devices xc7a100t_0] 0]
INFO: [Labtools 27-1434] Device xc7a100t (JTAG device index = 0) is programmed with a design that has no supported debug core(s) in it.
reset_run synth_1
launch_runs impl_1 -to_step write_bitstream -jobs 8
[Wed Apr 15 20:48:26 2020] Launched synth_1...
Run output will be captured here: C:/Users/lefev/Desktop/SpaceTerm/SpaceTerm.runs/synth_1/runme.log
[Wed Apr 15 20:48:26 2020] Launched impl_1...
Run output will be captured here: C:/Users/lefev/Desktop/SpaceTerm/SpaceTerm.runs/impl_1/runme.log
set_property PROBES.FILE {} [get_hw_devices xc7a100t_0]
set_property FULL_PROBES.FILE {} [get_hw_devices xc7a100t_0]
set_property PROGRAM.FILE {C:/Users/lefev/Desktop/SpaceTerm/SpaceTerm.runs/impl_1/vga.bit} [get_hw_devices xc7a100t_0]
program_hw_devices [get_hw_devices xc7a100t_0]
INFO: [Labtools 27-3164] End of startup status: HIGH
refresh_hw_device [lindex [get_hw_devices xc7a100t_0] 0]
INFO: [Labtools 27-1434] Device xc7a100t (JTAG device index = 0) is programmed with a design that has no supported debug core(s) in it.
reset_run synth_1
launch_runs impl_1 -to_step write_bitstream -jobs 8
[Wed Apr 15 21:11:58 2020] Launched synth_1...
Run output will be captured here: C:/Users/lefev/Desktop/SpaceTerm/SpaceTerm.runs/synth_1/runme.log
[Wed Apr 15 21:11:58 2020] Launched impl_1...
Run output will be captured here: C:/Users/lefev/Desktop/SpaceTerm/SpaceTerm.runs/impl_1/runme.log
set_property PROBES.FILE {} [get_hw_devices xc7a100t_0]
set_property FULL_PROBES.FILE {} [get_hw_devices xc7a100t_0]
set_property PROGRAM.FILE {C:/Users/lefev/Desktop/SpaceTerm/SpaceTerm.runs/impl_1/vga.bit} [get_hw_devices xc7a100t_0]
program_hw_devices [get_hw_devices xc7a100t_0]
INFO: [Labtools 27-3164] End of startup status: HIGH
refresh_hw_device [lindex [get_hw_devices xc7a100t_0] 0]
INFO: [Labtools 27-1434] Device xc7a100t (JTAG device index = 0) is programmed with a design that has no supported debug core(s) in it.
close_hw_manager
reset_run synth_1
launch_runs impl_1 -to_step write_bitstream -jobs 8
[Thu Apr 16 11:25:02 2020] Launched synth_1...
Run output will be captured here: C:/Users/lefev/Desktop/SpaceTerm/SpaceTerm.runs/synth_1/runme.log
[Thu Apr 16 11:25:02 2020] Launched impl_1...
Run output will be captured here: C:/Users/lefev/Desktop/SpaceTerm/SpaceTerm.runs/impl_1/runme.log
open_hw_manager
connect_hw_server -allow_non_jtag
INFO: [Labtools 27-2285] Connecting to hw_server url TCP:localhost:3121
INFO: [Labtools 27-2222] Launching hw_server...
INFO: [Labtools 27-2221] Launch Output:

****** Xilinx hw_server v2019.2
  **** Build date : Nov  6 2019 at 22:12:23
    ** Copyright 1986-2019 Xilinx, Inc. All Rights Reserved.


INFO: [Labtools 27-3415] Connecting to cs_server url TCP:localhost:3042
INFO: [Labtools 27-3417] Launching cs_server...
INFO: [Labtools 27-2221] Launch Output:


****** Xilinx cs_server v2019.2.0
  **** Build date : Nov 06 2019-21:28:22
    ** Copyright 2017-2019 Xilinx, Inc. All Rights Reserved.



connect_hw_server: Time (s): cpu = 00:00:00 ; elapsed = 00:00:08 . Memory (MB): peak = 3236.016 ; gain = 0.000
open_hw_target
INFO: [Labtoolstcl 44-466] Opening hw_target localhost:3121/xilinx_tcf/Digilent/210292AA77A8A
set_property PROGRAM.FILE {C:/Users/lefev/Desktop/SpaceTerm/SpaceTerm.runs/impl_1/vga.bit} [get_hw_devices xc7a100t_0]
current_hw_device [get_hw_devices xc7a100t_0]
refresh_hw_device -update_hw_probes false [lindex [get_hw_devices xc7a100t_0] 0]
INFO: [Labtools 27-1435] Device xc7a100t (JTAG device index = 0) is not programmed (DONE status = 0).
set_property PROBES.FILE {} [get_hw_devices xc7a100t_0]
set_property FULL_PROBES.FILE {} [get_hw_devices xc7a100t_0]
set_property PROGRAM.FILE {C:/Users/lefev/Desktop/SpaceTerm/SpaceTerm.runs/impl_1/vga.bit} [get_hw_devices xc7a100t_0]
program_hw_devices [get_hw_devices xc7a100t_0]
INFO: [Labtools 27-3164] End of startup status: HIGH
refresh_hw_device [lindex [get_hw_devices xc7a100t_0] 0]
INFO: [Labtools 27-1434] Device xc7a100t (JTAG device index = 0) is programmed with a design that has no supported debug core(s) in it.
add_files -norecurse C:/Users/lefev/Desktop/SpaceTerm/SpaceTerm.srcs/sources_1/new/sin_rom.sv
update_compile_order -fileset sources_1
update_compile_order -fileset sources_1
reset_run synth_1
launch_runs impl_1 -to_step write_bitstream -jobs 8
[Thu Apr 16 11:47:41 2020] Launched synth_1...
Run output will be captured here: C:/Users/lefev/Desktop/SpaceTerm/SpaceTerm.runs/synth_1/runme.log
[Thu Apr 16 11:47:41 2020] Launched impl_1...
Run output will be captured here: C:/Users/lefev/Desktop/SpaceTerm/SpaceTerm.runs/impl_1/runme.log
reset_run synth_1
launch_runs impl_1 -to_step write_bitstream -jobs 8
[Thu Apr 16 11:49:56 2020] Launched synth_1...
Run output will be captured here: C:/Users/lefev/Desktop/SpaceTerm/SpaceTerm.runs/synth_1/runme.log
[Thu Apr 16 11:49:56 2020] Launched impl_1...
Run output will be captured here: C:/Users/lefev/Desktop/SpaceTerm/SpaceTerm.runs/impl_1/runme.log
set_property PROBES.FILE {} [get_hw_devices xc7a100t_0]
set_property FULL_PROBES.FILE {} [get_hw_devices xc7a100t_0]
set_property PROGRAM.FILE {C:/Users/lefev/Desktop/SpaceTerm/SpaceTerm.runs/impl_1/vga.bit} [get_hw_devices xc7a100t_0]
program_hw_devices [get_hw_devices xc7a100t_0]
INFO: [Labtools 27-3164] End of startup status: HIGH
refresh_hw_device [lindex [get_hw_devices xc7a100t_0] 0]
INFO: [Labtools 27-1434] Device xc7a100t (JTAG device index = 0) is programmed with a design that has no supported debug core(s) in it.
reset_run synth_1
launch_runs impl_1 -to_step write_bitstream -jobs 8
[Thu Apr 16 12:08:59 2020] Launched synth_1...
Run output will be captured here: C:/Users/lefev/Desktop/SpaceTerm/SpaceTerm.runs/synth_1/runme.log
[Thu Apr 16 12:08:59 2020] Launched impl_1...
Run output will be captured here: C:/Users/lefev/Desktop/SpaceTerm/SpaceTerm.runs/impl_1/runme.log
set_property PROBES.FILE {} [get_hw_devices xc7a100t_0]
set_property FULL_PROBES.FILE {} [get_hw_devices xc7a100t_0]
set_property PROGRAM.FILE {C:/Users/lefev/Desktop/SpaceTerm/SpaceTerm.runs/impl_1/vga.bit} [get_hw_devices xc7a100t_0]
program_hw_devices [get_hw_devices xc7a100t_0]
INFO: [Labtools 27-3164] End of startup status: HIGH
refresh_hw_device [lindex [get_hw_devices xc7a100t_0] 0]
INFO: [Labtools 27-1434] Device xc7a100t (JTAG device index = 0) is programmed with a design that has no supported debug core(s) in it.
reset_run synth_1
launch_runs impl_1 -to_step write_bitstream -jobs 8
[Thu Apr 16 12:28:26 2020] Launched synth_1...
Run output will be captured here: C:/Users/lefev/Desktop/SpaceTerm/SpaceTerm.runs/synth_1/runme.log
[Thu Apr 16 12:28:26 2020] Launched impl_1...
Run output will be captured here: C:/Users/lefev/Desktop/SpaceTerm/SpaceTerm.runs/impl_1/runme.log
set_property PROBES.FILE {} [get_hw_devices xc7a100t_0]
set_property FULL_PROBES.FILE {} [get_hw_devices xc7a100t_0]
set_property PROGRAM.FILE {C:/Users/lefev/Desktop/SpaceTerm/SpaceTerm.runs/impl_1/vga.bit} [get_hw_devices xc7a100t_0]
program_hw_devices [get_hw_devices xc7a100t_0]
INFO: [Labtools 27-3164] End of startup status: HIGH
refresh_hw_device [lindex [get_hw_devices xc7a100t_0] 0]
INFO: [Labtools 27-1434] Device xc7a100t (JTAG device index = 0) is programmed with a design that has no supported debug core(s) in it.
reset_run synth_1
launch_runs impl_1 -to_step write_bitstream -jobs 8
[Thu Apr 16 13:03:34 2020] Launched synth_1...
Run output will be captured here: C:/Users/lefev/Desktop/SpaceTerm/SpaceTerm.runs/synth_1/runme.log
[Thu Apr 16 13:03:34 2020] Launched impl_1...
Run output will be captured here: C:/Users/lefev/Desktop/SpaceTerm/SpaceTerm.runs/impl_1/runme.log
set_property PROBES.FILE {} [get_hw_devices xc7a100t_0]
set_property FULL_PROBES.FILE {} [get_hw_devices xc7a100t_0]
set_property PROGRAM.FILE {C:/Users/lefev/Desktop/SpaceTerm/SpaceTerm.runs/impl_1/vga.bit} [get_hw_devices xc7a100t_0]
program_hw_devices [get_hw_devices xc7a100t_0]
INFO: [Labtools 27-3164] End of startup status: HIGH
refresh_hw_device [lindex [get_hw_devices xc7a100t_0] 0]
INFO: [Labtools 27-1434] Device xc7a100t (JTAG device index = 0) is programmed with a design that has no supported debug core(s) in it.
reset_run synth_1
launch_runs impl_1 -to_step write_bitstream -jobs 8
[Thu Apr 16 13:06:45 2020] Launched synth_1...
Run output will be captured here: C:/Users/lefev/Desktop/SpaceTerm/SpaceTerm.runs/synth_1/runme.log
[Thu Apr 16 13:06:45 2020] Launched impl_1...
Run output will be captured here: C:/Users/lefev/Desktop/SpaceTerm/SpaceTerm.runs/impl_1/runme.log
reset_run impl_1 -prev_step 
launch_runs impl_1 -to_step write_bitstream -jobs 8
[Thu Apr 16 13:09:22 2020] Launched impl_1...
Run output will be captured here: C:/Users/lefev/Desktop/SpaceTerm/SpaceTerm.runs/impl_1/runme.log
reset_run impl_1 -prev_step 
WARNING: [Vivado 12-1017] Problems encountered:
1. PID not specified

reset_run impl_1 -prev_step 
WARNING: [Vivado 12-1017] Problems encountered:
1. PID not specified

reset_run synth_1
launch_runs impl_1 -to_step write_bitstream -jobs 8
[Thu Apr 16 13:09:36 2020] Launched synth_1...
Run output will be captured here: C:/Users/lefev/Desktop/SpaceTerm/SpaceTerm.runs/synth_1/runme.log
[Thu Apr 16 13:09:36 2020] Launched impl_1...
Run output will be captured here: C:/Users/lefev/Desktop/SpaceTerm/SpaceTerm.runs/impl_1/runme.log
reset_run synth_1
launch_runs impl_1 -to_step write_bitstream -jobs 8
[Thu Apr 16 13:14:04 2020] Launched synth_1...
Run output will be captured here: C:/Users/lefev/Desktop/SpaceTerm/SpaceTerm.runs/synth_1/runme.log
[Thu Apr 16 13:14:04 2020] Launched impl_1...
Run output will be captured here: C:/Users/lefev/Desktop/SpaceTerm/SpaceTerm.runs/impl_1/runme.log
set_property PROBES.FILE {} [get_hw_devices xc7a100t_0]
set_property FULL_PROBES.FILE {} [get_hw_devices xc7a100t_0]
set_property PROGRAM.FILE {C:/Users/lefev/Desktop/SpaceTerm/SpaceTerm.runs/impl_1/vga.bit} [get_hw_devices xc7a100t_0]
program_hw_devices [get_hw_devices xc7a100t_0]
INFO: [Labtools 27-3164] End of startup status: HIGH
refresh_hw_device [lindex [get_hw_devices xc7a100t_0] 0]
INFO: [Labtools 27-1434] Device xc7a100t (JTAG device index = 0) is programmed with a design that has no supported debug core(s) in it.
reset_run synth_1
launch_runs impl_1 -to_step write_bitstream -jobs 8
[Thu Apr 16 13:17:03 2020] Launched synth_1...
Run output will be captured here: C:/Users/lefev/Desktop/SpaceTerm/SpaceTerm.runs/synth_1/runme.log
[Thu Apr 16 13:17:03 2020] Launched impl_1...
Run output will be captured here: C:/Users/lefev/Desktop/SpaceTerm/SpaceTerm.runs/impl_1/runme.log
set_property PROBES.FILE {} [get_hw_devices xc7a100t_0]
set_property FULL_PROBES.FILE {} [get_hw_devices xc7a100t_0]
set_property PROGRAM.FILE {C:/Users/lefev/Desktop/SpaceTerm/SpaceTerm.runs/impl_1/vga.bit} [get_hw_devices xc7a100t_0]
program_hw_devices [get_hw_devices xc7a100t_0]
INFO: [Labtools 27-3164] End of startup status: HIGH
refresh_hw_device [lindex [get_hw_devices xc7a100t_0] 0]
INFO: [Labtools 27-1434] Device xc7a100t (JTAG device index = 0) is programmed with a design that has no supported debug core(s) in it.
reset_run synth_1
launch_runs impl_1 -to_step write_bitstream -jobs 8
[Thu Apr 16 13:19:10 2020] Launched synth_1...
Run output will be captured here: C:/Users/lefev/Desktop/SpaceTerm/SpaceTerm.runs/synth_1/runme.log
[Thu Apr 16 13:19:10 2020] Launched impl_1...
Run output will be captured here: C:/Users/lefev/Desktop/SpaceTerm/SpaceTerm.runs/impl_1/runme.log
set_property PROBES.FILE {} [get_hw_devices xc7a100t_0]
set_property FULL_PROBES.FILE {} [get_hw_devices xc7a100t_0]
set_property PROGRAM.FILE {C:/Users/lefev/Desktop/SpaceTerm/SpaceTerm.runs/impl_1/vga.bit} [get_hw_devices xc7a100t_0]
program_hw_devices [get_hw_devices xc7a100t_0]
INFO: [Labtools 27-3164] End of startup status: HIGH
refresh_hw_device [lindex [get_hw_devices xc7a100t_0] 0]
INFO: [Labtools 27-1434] Device xc7a100t (JTAG device index = 0) is programmed with a design that has no supported debug core(s) in it.
reset_run synth_1
launch_runs impl_1 -to_step write_bitstream -jobs 8
[Thu Apr 16 13:24:51 2020] Launched synth_1...
Run output will be captured here: C:/Users/lefev/Desktop/SpaceTerm/SpaceTerm.runs/synth_1/runme.log
[Thu Apr 16 13:24:51 2020] Launched impl_1...
Run output will be captured here: C:/Users/lefev/Desktop/SpaceTerm/SpaceTerm.runs/impl_1/runme.log
set_property PROBES.FILE {} [get_hw_devices xc7a100t_0]
set_property FULL_PROBES.FILE {} [get_hw_devices xc7a100t_0]
set_property PROGRAM.FILE {C:/Users/lefev/Desktop/SpaceTerm/SpaceTerm.runs/impl_1/vga.bit} [get_hw_devices xc7a100t_0]
program_hw_devices [get_hw_devices xc7a100t_0]
INFO: [Labtools 27-3164] End of startup status: HIGH
refresh_hw_device [lindex [get_hw_devices xc7a100t_0] 0]
INFO: [Labtools 27-1434] Device xc7a100t (JTAG device index = 0) is programmed with a design that has no supported debug core(s) in it.
reset_run synth_1
launch_runs impl_1 -to_step write_bitstream -jobs 8
[Thu Apr 16 13:49:20 2020] Launched synth_1...
Run output will be captured here: C:/Users/lefev/Desktop/SpaceTerm/SpaceTerm.runs/synth_1/runme.log
[Thu Apr 16 13:49:20 2020] Launched impl_1...
Run output will be captured here: C:/Users/lefev/Desktop/SpaceTerm/SpaceTerm.runs/impl_1/runme.log
set_property PROBES.FILE {} [get_hw_devices xc7a100t_0]
set_property FULL_PROBES.FILE {} [get_hw_devices xc7a100t_0]
set_property PROGRAM.FILE {C:/Users/lefev/Desktop/SpaceTerm/SpaceTerm.runs/impl_1/vga.bit} [get_hw_devices xc7a100t_0]
program_hw_devices [get_hw_devices xc7a100t_0]
INFO: [Labtools 27-3164] End of startup status: HIGH
refresh_hw_device [lindex [get_hw_devices xc7a100t_0] 0]
INFO: [Labtools 27-1434] Device xc7a100t (JTAG device index = 0) is programmed with a design that has no supported debug core(s) in it.
reset_run synth_1
launch_runs impl_1 -to_step write_bitstream -jobs 8
[Thu Apr 16 15:17:35 2020] Launched synth_1...
Run output will be captured here: C:/Users/lefev/Desktop/SpaceTerm/SpaceTerm.runs/synth_1/runme.log
[Thu Apr 16 15:17:35 2020] Launched impl_1...
Run output will be captured here: C:/Users/lefev/Desktop/SpaceTerm/SpaceTerm.runs/impl_1/runme.log
set_property PROBES.FILE {} [get_hw_devices xc7a100t_0]
set_property FULL_PROBES.FILE {} [get_hw_devices xc7a100t_0]
set_property PROGRAM.FILE {C:/Users/lefev/Desktop/SpaceTerm/SpaceTerm.runs/impl_1/vga.bit} [get_hw_devices xc7a100t_0]
program_hw_devices [get_hw_devices xc7a100t_0]
INFO: [Labtools 27-3164] End of startup status: HIGH
refresh_hw_device [lindex [get_hw_devices xc7a100t_0] 0]
INFO: [Labtools 27-1434] Device xc7a100t (JTAG device index = 0) is programmed with a design that has no supported debug core(s) in it.
reset_run synth_1
launch_runs impl_1 -to_step write_bitstream -jobs 8
[Thu Apr 16 15:53:18 2020] Launched synth_1...
Run output will be captured here: C:/Users/lefev/Desktop/SpaceTerm/SpaceTerm.runs/synth_1/runme.log
[Thu Apr 16 15:53:18 2020] Launched impl_1...
Run output will be captured here: C:/Users/lefev/Desktop/SpaceTerm/SpaceTerm.runs/impl_1/runme.log
set_property PROBES.FILE {} [get_hw_devices xc7a100t_0]
set_property FULL_PROBES.FILE {} [get_hw_devices xc7a100t_0]
set_property PROGRAM.FILE {C:/Users/lefev/Desktop/SpaceTerm/SpaceTerm.runs/impl_1/vga.bit} [get_hw_devices xc7a100t_0]
program_hw_devices [get_hw_devices xc7a100t_0]
INFO: [Labtools 27-3164] End of startup status: HIGH
refresh_hw_device [lindex [get_hw_devices xc7a100t_0] 0]
INFO: [Labtools 27-1434] Device xc7a100t (JTAG device index = 0) is programmed with a design that has no supported debug core(s) in it.
launch_simulation
Command: launch_simulation 
INFO: [Vivado 12-5682] Launching behavioral simulation in 'C:/Users/lefev/Desktop/SpaceTerm/SpaceTerm.sim/sim_1/behav/xsim'
INFO: [SIM-utils-51] Simulation object is 'sim_1'
INFO: [SIM-utils-54] Inspecting design source files for 'testbench' in fileset 'sim_1'...
INFO: [USF-XSim-97] Finding global include files...
INFO: [USF-XSim-98] Fetching design files from 'sim_1'...
INFO: [USF-XSim-2] XSim::Compile design
INFO: [USF-XSim-61] Executing 'COMPILE and ANALYZE' step in 'C:/Users/lefev/Desktop/SpaceTerm/SpaceTerm.sim/sim_1/behav/xsim'
"xvlog --incr --relax -prj testbench_vlog.prj"
INFO: [VRFC 10-2263] Analyzing Verilog file "C:/Users/lefev/Desktop/SpaceTerm/SpaceTerm.srcs/sources_1/new/videoClk108MHz.v" into library xil_defaultlib
INFO: [VRFC 10-311] analyzing module videoClk108MHz
INFO: [VRFC 10-2263] Analyzing SystemVerilog file "C:/Users/lefev/Desktop/SpaceTerm/SpaceTerm.srcs/sources_1/new/sin_rom.sv" into library xil_defaultlib
INFO: [VRFC 10-311] analyzing module sin_rom
INFO: [VRFC 10-2263] Analyzing SystemVerilog file "C:/Users/lefev/Desktop/SpaceTerm/SpaceTerm.srcs/sources_1/new/vga.sv" into library xil_defaultlib
INFO: [VRFC 10-311] analyzing module vga
INFO: [VRFC 10-2263] Analyzing SystemVerilog file "C:/Users/lefev/Desktop/SpaceTerm/SpaceTerm.srcs/sim_1/new/testbench.sv" into library xil_defaultlib
INFO: [VRFC 10-311] analyzing module testbench
INFO: [USF-XSim-69] 'compile' step finished in '1' seconds
INFO: [USF-XSim-3] XSim::Elaborate design
INFO: [USF-XSim-61] Executing 'ELABORATE' step in 'C:/Users/lefev/Desktop/SpaceTerm/SpaceTerm.sim/sim_1/behav/xsim'
"xelab -wto 823e0d4ee75d4cf3be47bbd0d97c58fc --incr --debug typical --relax --mt 2 -L xil_defaultlib -L unisims_ver -L unimacro_ver -L secureip --snapshot testbench_behav xil_defaultlib.testbench xil_defaultlib.glbl -log elaborate.log"
Vivado Simulator 2019.2
Copyright 1986-1999, 2001-2019 Xilinx, Inc. All Rights Reserved.
Running: C:/Xilinx/Vivado/2019.2/bin/unwrapped/win64.o/xelab.exe -wto 823e0d4ee75d4cf3be47bbd0d97c58fc --incr --debug typical --relax --mt 2 -L xil_defaultlib -L unisims_ver -L unimacro_ver -L secureip --snapshot testbench_behav xil_defaultlib.testbench xil_defaultlib.glbl -log elaborate.log 
Using 2 slave threads.
Starting static elaboration
Pass Through NonSizing Optimizer
WARNING: [VRFC 10-3091] actual bit length 11 differs from formal bit length 8 for port 'addr_r' [C:/Users/lefev/Desktop/SpaceTerm/SpaceTerm.srcs/sources_1/new/vga.sv:80]
WARNING: [VRFC 10-3091] actual bit length 11 differs from formal bit length 16 for port 'dout' [C:/Users/lefev/Desktop/SpaceTerm/SpaceTerm.srcs/sources_1/new/vga.sv:81]
Completed static elaboration
Starting simulation data flow analysis
WARNING: [XSIM 43-4099] "C:/Users/lefev/Desktop/SpaceTerm/SpaceTerm.srcs/sources_1/new/vga.sv" Line 5. Module vga_default doesn't have a timescale but at least one module in design has a timescale.
WARNING: [XSIM 43-4099] "C:/Users/lefev/Desktop/SpaceTerm/SpaceTerm.srcs/sources_1/new/videoClk108MHz.v" Line 3. Module videoClk108MHz doesn't have a timescale but at least one module in design has a timescale.
WARNING: [XSIM 43-4099] "C:/Users/lefev/Desktop/SpaceTerm/SpaceTerm.srcs/sources_1/new/sin_rom.sv" Line 1. Module sin_rom doesn't have a timescale but at least one module in design has a timescale.
Completed simulation data flow analysis
Time Resolution for simulation is 1ps
Compiling module unisims_ver.IBUF
Compiling module unisims_ver.MMCME2_ADV(CLKFBOUT_MULT_F=10.12...
Compiling module unisims_ver.BUFG
Compiling module xil_defaultlib.videoClk108MHz
Compiling module xil_defaultlib.sin_rom
Compiling module xil_defaultlib.vga_default
Compiling module xil_defaultlib.testbench
Compiling module xil_defaultlib.glbl
Built simulation snapshot testbench_behav

****** Webtalk v2019.2 (64-bit)
  **** SW Build 2708876 on Wed Nov  6 21:40:23 MST 2019
  **** IP Build 2700528 on Thu Nov  7 00:09:20 MST 2019
    ** Copyright 1986-2019 Xilinx, Inc. All Rights Reserved.

source C:/Users/lefev/Desktop/SpaceTerm/SpaceTerm.sim/sim_1/behav/xsim/xsim.dir/testbench_behav/webtalk/xsim_webtalk.tcl -notrace
INFO: [Common 17-186] 'C:/Users/lefev/Desktop/SpaceTerm/SpaceTerm.sim/sim_1/behav/xsim/xsim.dir/testbench_behav/webtalk/usage_statistics_ext_xsim.xml' has been successfully sent to Xilinx on Thu Apr 16 16:36:49 2020. For additional details about this file, please refer to the WebTalk help file at C:/Xilinx/Vivado/2019.2/doc/webtalk_introduction.html.
INFO: [Common 17-206] Exiting Webtalk at Thu Apr 16 16:36:49 2020...
run_program: Time (s): cpu = 00:00:01 ; elapsed = 00:00:06 . Memory (MB): peak = 3236.016 ; gain = 0.000
INFO: [USF-XSim-69] 'elaborate' step finished in '7' seconds
INFO: [USF-XSim-4] XSim::Simulate design
WARNING: [USF-XSim-17] WCFG file does not exist:C:/Users/lefev/Desktop/testbench_behav1.wcfg
WARNING: [USF-XSim-17] WCFG file does not exist:C:/Users/lefev/Desktop/testbench_behav1.wcfg
INFO: [USF-XSim-61] Executing 'SIMULATE' step in 'C:/Users/lefev/Desktop/SpaceTerm/SpaceTerm.sim/sim_1/behav/xsim'
INFO: [USF-XSim-98] *** Running xsim
   with args "testbench_behav -key {Behavioral:sim_1:Functional:testbench} -tclbatch {testbench.tcl} -view {C:/Users/lefev/Desktop/SpaceTerm/testbench_behav.wcfg} -log {simulate.log}"
INFO: [USF-XSim-8] Loading simulator feature
Vivado Simulator 2019.2
Time resolution is 1 ps
open_wave_config C:/Users/lefev/Desktop/SpaceTerm/testbench_behav.wcfg
WARNING: Simulation object /testbench/HS was not found in the design.
WARNING: Simulation object /testbench/VS was not found in the design.
source testbench.tcl
# set curr_wave [current_wave_config]
# if { [string length $curr_wave] == 0 } {
#   if { [llength [get_objects]] > 0} {
#     add_wave /
#     set_property needs_save false [current_wave_config]
#   } else {
#      send_msg_id Add_Wave-1 WARNING "No top level signals found. Simulator will start without a wave window. If you want to open a wave window go to 'File->New Waveform Configuration' or type 'create_wave_config' in the TCL console."
#   }
# }
# run 1000ns
WARNING: File sin_table.txt referenced on C:/Users/lefev/Desktop/SpaceTerm/SpaceTerm.srcs/sources_1/new/sin_rom.sv at line 18 cannot be opened for reading. Please ensure that this file is available in the current working directory.
INFO: [USF-XSim-96] XSim completed. Design snapshot 'testbench_behav' loaded.
INFO: [USF-XSim-97] XSim simulation ran for 1000ns
launch_simulation: Time (s): cpu = 00:00:06 ; elapsed = 00:00:11 . Memory (MB): peak = 3236.016 ; gain = 0.000
run 6 ms
run: Time (s): cpu = 00:00:09 ; elapsed = 00:00:16 . Memory (MB): peak = 3236.016 ; gain = 0.000
ERROR: [Labtoolstcl 44-513] HW Target shutdown. Closing target: localhost:3121/xilinx_tcf/Digilent/210292AA77A8A
