#-----------------------------------------------------------
# Vivado v2019.2 (64-bit)
# SW Build 2708876 on Wed Nov  6 21:40:23 MST 2019
# IP Build 2700528 on Thu Nov  7 00:09:20 MST 2019
# Start of session at: Sat Apr 11 20:15:14 2020
# Process ID: 9616
# Current directory: C:/Users/lefev/Desktop/SpaceTerm
# Command line: vivado.exe -gui_launcher_event rodinguilauncherevent5740 C:\Users\lefev\Desktop\SpaceTerm\SpaceTerm.xpr
# Log file: C:/Users/lefev/Desktop/SpaceTerm/vivado.log
# Journal file: C:/Users/lefev/Desktop/SpaceTerm\vivado.jou
#-----------------------------------------------------------
start_gui
open_project C:/Users/lefev/Desktop/SpaceTerm/SpaceTerm.xpr
INFO: [Project 1-313] Project file moved from 'C:/Users/lefev/Desktop' since last save.
CRITICAL WARNING: [Project 1-311] Could not find the file 'C:/Users/lefev/Desktop/testbench_behav1.wcfg', nor could it be found using path 'C:/Users/lefev/testbench_behav1.wcfg'.
Scanning sources...
Finished scanning sources
INFO: [IP_Flow 19-234] Refreshing IP repositories
INFO: [IP_Flow 19-1704] No user IP repositories specified
INFO: [IP_Flow 19-2313] Loaded Vivado IP repository 'E:/vivado/Vivado/2019.2/data/ip'.
open_project: Time (s): cpu = 00:00:24 ; elapsed = 00:00:22 . Memory (MB): peak = 750.109 ; gain = 169.969
update_compile_order -fileset sources_1
reset_run impl_1 -prev_step 
launch_runs impl_1 -to_step write_bitstream -jobs 2
[Sat Apr 11 20:32:50 2020] Launched impl_1...
Run output will be captured here: C:/Users/lefev/Desktop/SpaceTerm/SpaceTerm.runs/impl_1/runme.log
open_hw_manager
connect_hw_server -allow_non_jtag
INFO: [Labtools 27-2285] Connecting to hw_server url TCP:localhost:3121
INFO: [Labtools 27-2222] Launching hw_server...
INFO: [Labtools 27-2221] Launch Output:

****** Xilinx hw_server v2019.2
  **** Build date : Nov  6 2019 at 22:12:23
    ** Copyright 1986-2019 Xilinx, Inc. All Rights Reserved.


INFO: [Labtools 27-3415] Connecting to cs_server url TCP:localhost:3042
INFO: [Labtools 27-3417] Launching cs_server...
INFO: [Labtools 27-2221] Launch Output:


****** Xilinx cs_server v2019.2.0
  **** Build date : Nov 06 2019-21:28:22
    ** Copyright 2017-2019 Xilinx, Inc. All Rights Reserved.



connect_hw_server: Time (s): cpu = 00:00:02 ; elapsed = 00:00:12 . Memory (MB): peak = 795.438 ; gain = 15.777
open_hw_target
INFO: [Labtoolstcl 44-466] Opening hw_target localhost:3121/xilinx_tcf/Digilent/210292AA77A8A
open_hw_target: Time (s): cpu = 00:00:07 ; elapsed = 00:00:07 . Memory (MB): peak = 2021.395 ; gain = 1225.957
set_property PROGRAM.FILE {C:/Users/lefev/Desktop/SpaceTerm/SpaceTerm.runs/impl_1/vga.bit} [get_hw_devices xc7a100t_0]
current_hw_device [get_hw_devices xc7a100t_0]
refresh_hw_device -update_hw_probes false [lindex [get_hw_devices xc7a100t_0] 0]
INFO: [Labtools 27-1435] Device xc7a100t (JTAG device index = 0) is not programmed (DONE status = 0).
set_property PROBES.FILE {} [get_hw_devices xc7a100t_0]
set_property FULL_PROBES.FILE {} [get_hw_devices xc7a100t_0]
set_property PROGRAM.FILE {C:/Users/lefev/Desktop/SpaceTerm/SpaceTerm.runs/impl_1/vga.bit} [get_hw_devices xc7a100t_0]
program_hw_devices [get_hw_devices xc7a100t_0]
INFO: [Labtools 27-3164] End of startup status: HIGH
refresh_hw_device [lindex [get_hw_devices xc7a100t_0] 0]
INFO: [Labtools 27-1434] Device xc7a100t (JTAG device index = 0) is programmed with a design that has no supported debug core(s) in it.
reset_run synth_1
launch_runs impl_1 -to_step write_bitstream -jobs 2
[Sat Apr 11 20:39:01 2020] Launched synth_1...
Run output will be captured here: C:/Users/lefev/Desktop/SpaceTerm/SpaceTerm.runs/synth_1/runme.log
[Sat Apr 11 20:39:01 2020] Launched impl_1...
Run output will be captured here: C:/Users/lefev/Desktop/SpaceTerm/SpaceTerm.runs/impl_1/runme.log
set_property PROBES.FILE {} [get_hw_devices xc7a100t_0]
set_property FULL_PROBES.FILE {} [get_hw_devices xc7a100t_0]
set_property PROGRAM.FILE {C:/Users/lefev/Desktop/SpaceTerm/SpaceTerm.runs/impl_1/vga.bit} [get_hw_devices xc7a100t_0]
program_hw_devices [get_hw_devices xc7a100t_0]
INFO: [Labtools 27-3164] End of startup status: HIGH
refresh_hw_device [lindex [get_hw_devices xc7a100t_0] 0]
INFO: [Labtools 27-1434] Device xc7a100t (JTAG device index = 0) is programmed with a design that has no supported debug core(s) in it.
reset_run synth_1
launch_runs impl_1 -to_step write_bitstream -jobs 2
[Sat Apr 11 20:43:18 2020] Launched synth_1...
Run output will be captured here: C:/Users/lefev/Desktop/SpaceTerm/SpaceTerm.runs/synth_1/runme.log
[Sat Apr 11 20:43:18 2020] Launched impl_1...
Run output will be captured here: C:/Users/lefev/Desktop/SpaceTerm/SpaceTerm.runs/impl_1/runme.log
open_run impl_1
INFO: [Device 21-403] Loading part xc7a100tcsg324-1
INFO: [Common 17-41] Interrupt caught. Command should exit soon.
Netlist sorting complete. Time (s): cpu = 00:00:00 ; elapsed = 00:00:00.001 . Memory (MB): peak = 2338.387 ; gain = 0.000
INFO: [Netlist 29-17] Analyzing 7 Unisim elements for replacement
INFO: [Netlist 29-28] Unisim Transformation completed in 0 CPU seconds
INFO: [Project 1-479] Netlist was created with Vivado 2019.2
open_run: Time (s): cpu = 00:00:11 ; elapsed = 00:00:14 . Memory (MB): peak = 2338.594 ; gain = 263.285
INFO: [Common 17-344] 'open_run' was cancelled
set_property PROBES.FILE {} [get_hw_devices xc7a100t_0]
set_property FULL_PROBES.FILE {} [get_hw_devices xc7a100t_0]
set_property PROGRAM.FILE {C:/Users/lefev/Desktop/SpaceTerm/SpaceTerm.runs/impl_1/vga.bit} [get_hw_devices xc7a100t_0]
program_hw_devices [get_hw_devices xc7a100t_0]
INFO: [Labtools 27-3164] End of startup status: HIGH
refresh_hw_device [lindex [get_hw_devices xc7a100t_0] 0]
INFO: [Labtools 27-1434] Device xc7a100t (JTAG device index = 0) is programmed with a design that has no supported debug core(s) in it.
reset_run synth_1
launch_runs impl_1 -to_step write_bitstream -jobs 2
[Sat Apr 11 20:52:20 2020] Launched synth_1...
Run output will be captured here: C:/Users/lefev/Desktop/SpaceTerm/SpaceTerm.runs/synth_1/runme.log
[Sat Apr 11 20:52:20 2020] Launched impl_1...
Run output will be captured here: C:/Users/lefev/Desktop/SpaceTerm/SpaceTerm.runs/impl_1/runme.log
set_property PROBES.FILE {} [get_hw_devices xc7a100t_0]
set_property FULL_PROBES.FILE {} [get_hw_devices xc7a100t_0]
set_property PROGRAM.FILE {C:/Users/lefev/Desktop/SpaceTerm/SpaceTerm.runs/impl_1/vga.bit} [get_hw_devices xc7a100t_0]
program_hw_devices [get_hw_devices xc7a100t_0]
INFO: [Labtools 27-3164] End of startup status: HIGH
refresh_hw_device [lindex [get_hw_devices xc7a100t_0] 0]
INFO: [Labtools 27-1434] Device xc7a100t (JTAG device index = 0) is programmed with a design that has no supported debug core(s) in it.
reset_run synth_1
launch_runs impl_1 -to_step write_bitstream -jobs 2
[Sat Apr 11 20:59:57 2020] Launched synth_1...
Run output will be captured here: C:/Users/lefev/Desktop/SpaceTerm/SpaceTerm.runs/synth_1/runme.log
[Sat Apr 11 20:59:57 2020] Launched impl_1...
Run output will be captured here: C:/Users/lefev/Desktop/SpaceTerm/SpaceTerm.runs/impl_1/runme.log
set_property PROBES.FILE {} [get_hw_devices xc7a100t_0]
set_property FULL_PROBES.FILE {} [get_hw_devices xc7a100t_0]
set_property PROGRAM.FILE {C:/Users/lefev/Desktop/SpaceTerm/SpaceTerm.runs/impl_1/vga.bit} [get_hw_devices xc7a100t_0]
program_hw_devices [get_hw_devices xc7a100t_0]
INFO: [Labtools 27-3164] End of startup status: HIGH
refresh_hw_device [lindex [get_hw_devices xc7a100t_0] 0]
INFO: [Labtools 27-1434] Device xc7a100t (JTAG device index = 0) is programmed with a design that has no supported debug core(s) in it.
reset_run synth_1
launch_runs impl_1 -to_step write_bitstream -jobs 2
[Sat Apr 11 21:16:14 2020] Launched synth_1...
Run output will be captured here: C:/Users/lefev/Desktop/SpaceTerm/SpaceTerm.runs/synth_1/runme.log
[Sat Apr 11 21:16:14 2020] Launched impl_1...
Run output will be captured here: C:/Users/lefev/Desktop/SpaceTerm/SpaceTerm.runs/impl_1/runme.log
set_property PROBES.FILE {} [get_hw_devices xc7a100t_0]
set_property FULL_PROBES.FILE {} [get_hw_devices xc7a100t_0]
set_property PROGRAM.FILE {C:/Users/lefev/Desktop/SpaceTerm/SpaceTerm.runs/impl_1/vga.bit} [get_hw_devices xc7a100t_0]
program_hw_devices [get_hw_devices xc7a100t_0]
INFO: [Labtools 27-3164] End of startup status: HIGH
refresh_hw_device [lindex [get_hw_devices xc7a100t_0] 0]
INFO: [Labtools 27-1434] Device xc7a100t (JTAG device index = 0) is programmed with a design that has no supported debug core(s) in it.
launch_simulation
Command: launch_simulation 
INFO: [Vivado 12-5682] Launching behavioral simulation in 'C:/Users/lefev/Desktop/SpaceTerm/SpaceTerm.sim/sim_1/behav/xsim'
INFO: [SIM-utils-51] Simulation object is 'sim_1'
INFO: [SIM-utils-54] Inspecting design source files for 'testbench' in fileset 'sim_1'...
INFO: [USF-XSim-97] Finding global include files...
INFO: [USF-XSim-98] Fetching design files from 'sim_1'...
INFO: [USF-XSim-2] XSim::Compile design
INFO: [USF-XSim-61] Executing 'COMPILE and ANALYZE' step in 'C:/Users/lefev/Desktop/SpaceTerm/SpaceTerm.sim/sim_1/behav/xsim'
"xvlog --incr --relax -prj testbench_vlog.prj"
INFO: [VRFC 10-2263] Analyzing SystemVerilog file "C:/Users/lefev/Desktop/SpaceTerm/SpaceTerm.srcs/sources_1/new/clock_divider.sv" into library xil_defaultlib
INFO: [VRFC 10-311] analyzing module clock_divider
INFO: [VRFC 10-2263] Analyzing SystemVerilog file "C:/Users/lefev/Desktop/SpaceTerm/SpaceTerm.srcs/sources_1/new/vga.sv" into library xil_defaultlib
INFO: [VRFC 10-311] analyzing module vga
INFO: [VRFC 10-2263] Analyzing SystemVerilog file "C:/Users/lefev/Desktop/SpaceTerm/SpaceTerm.srcs/sim_1/new/testbench.sv" into library xil_defaultlib
INFO: [VRFC 10-311] analyzing module testbench
INFO: [VRFC 10-2263] Analyzing Verilog file "C:/Users/lefev/Desktop/SpaceTerm/SpaceTerm.sim/sim_1/behav/xsim/glbl.v" into library xil_defaultlib
INFO: [VRFC 10-311] analyzing module glbl
INFO: [USF-XSim-69] 'compile' step finished in '4' seconds
INFO: [USF-XSim-3] XSim::Elaborate design
INFO: [USF-XSim-61] Executing 'ELABORATE' step in 'C:/Users/lefev/Desktop/SpaceTerm/SpaceTerm.sim/sim_1/behav/xsim'
"xelab -wto 823e0d4ee75d4cf3be47bbd0d97c58fc --incr --debug typical --relax --mt 2 -L xil_defaultlib -L unisims_ver -L unimacro_ver -L secureip --snapshot testbench_behav xil_defaultlib.testbench xil_defaultlib.glbl -log elaborate.log"
Vivado Simulator 2019.2
Copyright 1986-1999, 2001-2019 Xilinx, Inc. All Rights Reserved.
Running: E:/vivado/Vivado/2019.2/bin/unwrapped/win64.o/xelab.exe -wto 823e0d4ee75d4cf3be47bbd0d97c58fc --incr --debug typical --relax --mt 2 -L xil_defaultlib -L unisims_ver -L unimacro_ver -L secureip --snapshot testbench_behav xil_defaultlib.testbench xil_defaultlib.glbl -log elaborate.log 
Using 2 slave threads.
Starting static elaboration
Pass Through NonSizing Optimizer
Completed static elaboration
Starting simulation data flow analysis
WARNING: [XSIM 43-4099] "C:/Users/lefev/Desktop/SpaceTerm/SpaceTerm.srcs/sources_1/new/vga.sv" Line 5. Module vga_default doesn't have a timescale but at least one module in design has a timescale.
WARNING: [XSIM 43-4099] "C:/Users/lefev/Desktop/SpaceTerm/SpaceTerm.srcs/sources_1/new/clock_divider.sv" Line 5. Module clock_divider doesn't have a timescale but at least one module in design has a timescale.
Completed simulation data flow analysis
Time Resolution for simulation is 1ps
Compiling module xil_defaultlib.clock_divider
Compiling module xil_defaultlib.vga_default
Compiling module xil_defaultlib.testbench
Compiling module xil_defaultlib.glbl
Built simulation snapshot testbench_behav

****** Webtalk v2019.2 (64-bit)
  **** SW Build 2708876 on Wed Nov  6 21:40:23 MST 2019
  **** IP Build 2700528 on Thu Nov  7 00:09:20 MST 2019
    ** Copyright 1986-2019 Xilinx, Inc. All Rights Reserved.

source C:/Users/lefev/Desktop/SpaceTerm/SpaceTerm.sim/sim_1/behav/xsim/xsim.dir/testbench_behav/webtalk/xsim_webtalk.tcl -notrace
INFO: [Common 17-186] 'C:/Users/lefev/Desktop/SpaceTerm/SpaceTerm.sim/sim_1/behav/xsim/xsim.dir/testbench_behav/webtalk/usage_statistics_ext_xsim.xml' has been successfully sent to Xilinx on Sat Apr 11 21:22:23 2020. For additional details about this file, please refer to the WebTalk help file at E:/vivado/Vivado/2019.2/doc/webtalk_introduction.html.
INFO: [Common 17-206] Exiting Webtalk at Sat Apr 11 21:22:23 2020...
run_program: Time (s): cpu = 00:00:01 ; elapsed = 00:00:11 . Memory (MB): peak = 2355.305 ; gain = 0.000
INFO: [USF-XSim-69] 'elaborate' step finished in '11' seconds
INFO: [USF-XSim-4] XSim::Simulate design
WARNING: [USF-XSim-17] WCFG file does not exist:C:/Users/lefev/Desktop/testbench_behav1.wcfg
WARNING: [USF-XSim-17] WCFG file does not exist:C:/Users/lefev/Desktop/testbench_behav1.wcfg
INFO: [USF-XSim-61] Executing 'SIMULATE' step in 'C:/Users/lefev/Desktop/SpaceTerm/SpaceTerm.sim/sim_1/behav/xsim'
INFO: [USF-XSim-98] *** Running xsim
   with args "testbench_behav -key {Behavioral:sim_1:Functional:testbench} -tclbatch {testbench.tcl} -log {simulate.log}"
INFO: [USF-XSim-8] Loading simulator feature
Vivado Simulator 2019.2
Time resolution is 1 ps
source testbench.tcl
# set curr_wave [current_wave_config]
# if { [string length $curr_wave] == 0 } {
#   if { [llength [get_objects]] > 0} {
#     add_wave /
#     set_property needs_save false [current_wave_config]
#   } else {
#      send_msg_id Add_Wave-1 WARNING "No top level signals found. Simulator will start without a wave window. If you want to open a wave window go to 'File->New Waveform Configuration' or type 'create_wave_config' in the TCL console."
#   }
# }
# run 1000ns
xsim: Time (s): cpu = 00:00:07 ; elapsed = 00:00:06 . Memory (MB): peak = 2421.195 ; gain = 51.535
INFO: [USF-XSim-96] XSim completed. Design snapshot 'testbench_behav' loaded.
INFO: [USF-XSim-97] XSim simulation ran for 1000ns
launch_simulation: Time (s): cpu = 00:00:09 ; elapsed = 00:00:23 . Memory (MB): peak = 2421.195 ; gain = 65.891
save_wave_config {C:/Users/lefev/Desktop/SpaceTerm/testbench_behav.wcfg}
add_files -fileset sim_1 -norecurse C:/Users/lefev/Desktop/SpaceTerm/testbench_behav.wcfg
set_property xsim.view {C:/Users/lefev/Desktop/testbench_behav1.wcfg C:/Users/lefev/Desktop/SpaceTerm/testbench_behav.wcfg} [get_filesets sim_1]
close_sim
INFO: [Simtcl 6-16] Simulation closed
close_sim: Time (s): cpu = 00:00:02 ; elapsed = 00:00:06 . Memory (MB): peak = 2538.246 ; gain = 56.254
launch_simulation
Command: launch_simulation 
INFO: [Vivado 12-5682] Launching behavioral simulation in 'C:/Users/lefev/Desktop/SpaceTerm/SpaceTerm.sim/sim_1/behav/xsim'
INFO: [SIM-utils-51] Simulation object is 'sim_1'
INFO: [SIM-utils-54] Inspecting design source files for 'testbench' in fileset 'sim_1'...
INFO: [USF-XSim-97] Finding global include files...
INFO: [USF-XSim-98] Fetching design files from 'sim_1'...
INFO: [USF-XSim-2] XSim::Compile design
INFO: [USF-XSim-61] Executing 'COMPILE and ANALYZE' step in 'C:/Users/lefev/Desktop/SpaceTerm/SpaceTerm.sim/sim_1/behav/xsim'
"xvlog --incr --relax -prj testbench_vlog.prj"
INFO: [USF-XSim-69] 'compile' step finished in '2' seconds
INFO: [USF-XSim-3] XSim::Elaborate design
INFO: [USF-XSim-61] Executing 'ELABORATE' step in 'C:/Users/lefev/Desktop/SpaceTerm/SpaceTerm.sim/sim_1/behav/xsim'
"xelab -wto 823e0d4ee75d4cf3be47bbd0d97c58fc --incr --debug typical --relax --mt 2 -L xil_defaultlib -L unisims_ver -L unimacro_ver -L secureip --snapshot testbench_behav xil_defaultlib.testbench xil_defaultlib.glbl -log elaborate.log"
Vivado Simulator 2019.2
Copyright 1986-1999, 2001-2019 Xilinx, Inc. All Rights Reserved.
Running: E:/vivado/Vivado/2019.2/bin/unwrapped/win64.o/xelab.exe -wto 823e0d4ee75d4cf3be47bbd0d97c58fc --incr --debug typical --relax --mt 2 -L xil_defaultlib -L unisims_ver -L unimacro_ver -L secureip --snapshot testbench_behav xil_defaultlib.testbench xil_defaultlib.glbl -log elaborate.log 
Using 2 slave threads.
Starting static elaboration
Pass Through NonSizing Optimizer
Completed static elaboration
INFO: [XSIM 43-4323] No Change in HDL. Linking previously generated obj files to create kernel
INFO: [USF-XSim-69] 'elaborate' step finished in '2' seconds
INFO: [USF-XSim-4] XSim::Simulate design
WARNING: [USF-XSim-17] WCFG file does not exist:C:/Users/lefev/Desktop/testbench_behav1.wcfg
WARNING: [USF-XSim-17] WCFG file does not exist:C:/Users/lefev/Desktop/testbench_behav1.wcfg
INFO: [USF-XSim-61] Executing 'SIMULATE' step in 'C:/Users/lefev/Desktop/SpaceTerm/SpaceTerm.sim/sim_1/behav/xsim'
INFO: [USF-XSim-98] *** Running xsim
   with args "testbench_behav -key {Behavioral:sim_1:Functional:testbench} -tclbatch {testbench.tcl} -view {C:/Users/lefev/Desktop/SpaceTerm/testbench_behav.wcfg} -log {simulate.log}"
INFO: [USF-XSim-8] Loading simulator feature
Vivado Simulator 2019.2
Time resolution is 1 ps
open_wave_config C:/Users/lefev/Desktop/SpaceTerm/testbench_behav.wcfg
source testbench.tcl
# set curr_wave [current_wave_config]
# if { [string length $curr_wave] == 0 } {
#   if { [llength [get_objects]] > 0} {
#     add_wave /
#     set_property needs_save false [current_wave_config]
#   } else {
#      send_msg_id Add_Wave-1 WARNING "No top level signals found. Simulator will start without a wave window. If you want to open a wave window go to 'File->New Waveform Configuration' or type 'create_wave_config' in the TCL console."
#   }
# }
# run 1000ns
INFO: [USF-XSim-96] XSim completed. Design snapshot 'testbench_behav' loaded.
INFO: [USF-XSim-97] XSim simulation ran for 1000ns
launch_simulation: Time (s): cpu = 00:00:05 ; elapsed = 00:00:08 . Memory (MB): peak = 2538.246 ; gain = 0.000
run 5 ms
reset_run synth_1
WARNING: [Vivado 12-1017] Problems encountered:
1. Failed to delete one or more files in run directory C:/Users/lefev/Desktop/SpaceTerm/SpaceTerm.runs/synth_1

launch_runs impl_1 -to_step write_bitstream -jobs 2
[Sat Apr 11 21:29:15 2020] Launched synth_1...
Run output will be captured here: C:/Users/lefev/Desktop/SpaceTerm/SpaceTerm.runs/synth_1/runme.log
[Sat Apr 11 21:29:15 2020] Launched impl_1...
Run output will be captured here: C:/Users/lefev/Desktop/SpaceTerm/SpaceTerm.runs/impl_1/runme.log
set_property PROBES.FILE {} [get_hw_devices xc7a100t_0]
set_property FULL_PROBES.FILE {} [get_hw_devices xc7a100t_0]
set_property PROGRAM.FILE {C:/Users/lefev/Desktop/SpaceTerm/SpaceTerm.runs/impl_1/vga.bit} [get_hw_devices xc7a100t_0]
program_hw_devices [get_hw_devices xc7a100t_0]
INFO: [Labtools 27-3164] End of startup status: HIGH
refresh_hw_device [lindex [get_hw_devices xc7a100t_0] 0]
INFO: [Labtools 27-1434] Device xc7a100t (JTAG device index = 0) is programmed with a design that has no supported debug core(s) in it.
reset_run synth_1
WARNING: [Vivado 12-1017] Problems encountered:
1. Failed to delete one or more files in run directory C:/Users/lefev/Desktop/SpaceTerm/SpaceTerm.runs/synth_1

launch_runs impl_1 -to_step write_bitstream -jobs 2
[Sat Apr 11 21:33:48 2020] Launched synth_1...
Run output will be captured here: C:/Users/lefev/Desktop/SpaceTerm/SpaceTerm.runs/synth_1/runme.log
[Sat Apr 11 21:33:48 2020] Launched impl_1...
Run output will be captured here: C:/Users/lefev/Desktop/SpaceTerm/SpaceTerm.runs/impl_1/runme.log
set_property PROBES.FILE {} [get_hw_devices xc7a100t_0]
set_property FULL_PROBES.FILE {} [get_hw_devices xc7a100t_0]
set_property PROGRAM.FILE {C:/Users/lefev/Desktop/SpaceTerm/SpaceTerm.runs/impl_1/vga.bit} [get_hw_devices xc7a100t_0]
program_hw_devices [get_hw_devices xc7a100t_0]
INFO: [Labtools 27-3164] End of startup status: HIGH
refresh_hw_device [lindex [get_hw_devices xc7a100t_0] 0]
INFO: [Labtools 27-1434] Device xc7a100t (JTAG device index = 0) is programmed with a design that has no supported debug core(s) in it.
reset_run synth_1
WARNING: [Vivado 12-1017] Problems encountered:
1. Failed to delete one or more files in run directory C:/Users/lefev/Desktop/SpaceTerm/SpaceTerm.runs/synth_1

launch_runs impl_1 -to_step write_bitstream -jobs 2
[Sat Apr 11 21:40:54 2020] Launched synth_1...
Run output will be captured here: C:/Users/lefev/Desktop/SpaceTerm/SpaceTerm.runs/synth_1/runme.log
[Sat Apr 11 21:40:54 2020] Launched impl_1...
Run output will be captured here: C:/Users/lefev/Desktop/SpaceTerm/SpaceTerm.runs/impl_1/runme.log
set_property PROBES.FILE {} [get_hw_devices xc7a100t_0]
set_property FULL_PROBES.FILE {} [get_hw_devices xc7a100t_0]
set_property PROGRAM.FILE {C:/Users/lefev/Desktop/SpaceTerm/SpaceTerm.runs/impl_1/vga.bit} [get_hw_devices xc7a100t_0]
program_hw_devices [get_hw_devices xc7a100t_0]
INFO: [Labtools 27-3164] End of startup status: HIGH
refresh_hw_device [lindex [get_hw_devices xc7a100t_0] 0]
INFO: [Labtools 27-1434] Device xc7a100t (JTAG device index = 0) is programmed with a design that has no supported debug core(s) in it.
reset_run synth_1
WARNING: [Vivado 12-1017] Problems encountered:
1. Failed to delete one or more files in run directory C:/Users/lefev/Desktop/SpaceTerm/SpaceTerm.runs/synth_1

launch_runs impl_1 -to_step write_bitstream -jobs 2
[Sat Apr 11 21:44:59 2020] Launched synth_1...
Run output will be captured here: C:/Users/lefev/Desktop/SpaceTerm/SpaceTerm.runs/synth_1/runme.log
[Sat Apr 11 21:44:59 2020] Launched impl_1...
Run output will be captured here: C:/Users/lefev/Desktop/SpaceTerm/SpaceTerm.runs/impl_1/runme.log
set_property PROBES.FILE {} [get_hw_devices xc7a100t_0]
set_property FULL_PROBES.FILE {} [get_hw_devices xc7a100t_0]
set_property PROGRAM.FILE {C:/Users/lefev/Desktop/SpaceTerm/SpaceTerm.runs/impl_1/vga.bit} [get_hw_devices xc7a100t_0]
program_hw_devices [get_hw_devices xc7a100t_0]
INFO: [Labtools 27-3164] End of startup status: HIGH
refresh_hw_device [lindex [get_hw_devices xc7a100t_0] 0]
INFO: [Labtools 27-1434] Device xc7a100t (JTAG device index = 0) is programmed with a design that has no supported debug core(s) in it.
reset_run synth_1
WARNING: [Vivado 12-1017] Problems encountered:
1. Failed to delete one or more files in run directory C:/Users/lefev/Desktop/SpaceTerm/SpaceTerm.runs/synth_1

launch_runs impl_1 -to_step write_bitstream -jobs 2
[Sat Apr 11 21:48:54 2020] Launched synth_1...
Run output will be captured here: C:/Users/lefev/Desktop/SpaceTerm/SpaceTerm.runs/synth_1/runme.log
[Sat Apr 11 21:48:54 2020] Launched impl_1...
Run output will be captured here: C:/Users/lefev/Desktop/SpaceTerm/SpaceTerm.runs/impl_1/runme.log
set_property PROBES.FILE {} [get_hw_devices xc7a100t_0]
set_property FULL_PROBES.FILE {} [get_hw_devices xc7a100t_0]
set_property PROGRAM.FILE {C:/Users/lefev/Desktop/SpaceTerm/SpaceTerm.runs/impl_1/vga.bit} [get_hw_devices xc7a100t_0]
program_hw_devices [get_hw_devices xc7a100t_0]
INFO: [Labtools 27-3164] End of startup status: HIGH
refresh_hw_device [lindex [get_hw_devices xc7a100t_0] 0]
INFO: [Labtools 27-1434] Device xc7a100t (JTAG device index = 0) is programmed with a design that has no supported debug core(s) in it.
reset_run synth_1
WARNING: [Vivado 12-1017] Problems encountered:
1. Failed to delete one or more files in run directory C:/Users/lefev/Desktop/SpaceTerm/SpaceTerm.runs/synth_1

launch_runs impl_1 -to_step write_bitstream -jobs 2
[Sat Apr 11 21:55:15 2020] Launched synth_1...
Run output will be captured here: C:/Users/lefev/Desktop/SpaceTerm/SpaceTerm.runs/synth_1/runme.log
[Sat Apr 11 21:55:15 2020] Launched impl_1...
Run output will be captured here: C:/Users/lefev/Desktop/SpaceTerm/SpaceTerm.runs/impl_1/runme.log
reset_run synth_1
WARNING: [Vivado 12-1017] Problems encountered:
1. Failed to delete one or more files in run directory C:/Users/lefev/Desktop/SpaceTerm/SpaceTerm.runs/synth_1

launch_runs impl_1 -to_step write_bitstream -jobs 2
[Sat Apr 11 21:58:17 2020] Launched synth_1...
Run output will be captured here: C:/Users/lefev/Desktop/SpaceTerm/SpaceTerm.runs/synth_1/runme.log
[Sat Apr 11 21:58:17 2020] Launched impl_1...
Run output will be captured here: C:/Users/lefev/Desktop/SpaceTerm/SpaceTerm.runs/impl_1/runme.log
set_property PROBES.FILE {} [get_hw_devices xc7a100t_0]
set_property FULL_PROBES.FILE {} [get_hw_devices xc7a100t_0]
set_property PROGRAM.FILE {C:/Users/lefev/Desktop/SpaceTerm/SpaceTerm.runs/impl_1/vga.bit} [get_hw_devices xc7a100t_0]
program_hw_devices [get_hw_devices xc7a100t_0]
INFO: [Labtools 27-3164] End of startup status: HIGH
refresh_hw_device [lindex [get_hw_devices xc7a100t_0] 0]
INFO: [Labtools 27-1434] Device xc7a100t (JTAG device index = 0) is programmed with a design that has no supported debug core(s) in it.
reset_run impl_1 -prev_step 
launch_runs impl_1 -to_step write_bitstream -jobs 2
[Sat Apr 11 22:02:26 2020] Launched impl_1...
Run output will be captured here: C:/Users/lefev/Desktop/SpaceTerm/SpaceTerm.runs/impl_1/runme.log
reset_run impl_1 -prev_step 
WARNING: [Vivado 12-1017] Problems encountered:
1. PID not specified

reset_run impl_1 -prev_step 
WARNING: [Vivado 12-1017] Problems encountered:
1. PID not specified

reset_run synth_1
WARNING: [Vivado 12-1017] Problems encountered:
1. Failed to delete one or more files in run directory C:/Users/lefev/Desktop/SpaceTerm/SpaceTerm.runs/synth_1

launch_runs impl_1 -to_step write_bitstream -jobs 2
[Sat Apr 11 22:11:13 2020] Launched synth_1...
Run output will be captured here: C:/Users/lefev/Desktop/SpaceTerm/SpaceTerm.runs/synth_1/runme.log
[Sat Apr 11 22:11:13 2020] Launched impl_1...
Run output will be captured here: C:/Users/lefev/Desktop/SpaceTerm/SpaceTerm.runs/impl_1/runme.log
set_property PROBES.FILE {} [get_hw_devices xc7a100t_0]
set_property FULL_PROBES.FILE {} [get_hw_devices xc7a100t_0]
set_property PROGRAM.FILE {C:/Users/lefev/Desktop/SpaceTerm/SpaceTerm.runs/impl_1/vga.bit} [get_hw_devices xc7a100t_0]
program_hw_devices [get_hw_devices xc7a100t_0]
INFO: [Labtools 27-3164] End of startup status: HIGH
refresh_hw_device [lindex [get_hw_devices xc7a100t_0] 0]
INFO: [Labtools 27-1434] Device xc7a100t (JTAG device index = 0) is programmed with a design that has no supported debug core(s) in it.
reset_run synth_1
WARNING: [Vivado 12-1017] Problems encountered:
1. Failed to delete one or more files in run directory C:/Users/lefev/Desktop/SpaceTerm/SpaceTerm.runs/synth_1

launch_runs impl_1 -to_step write_bitstream -jobs 2
[Sat Apr 11 22:15:57 2020] Launched synth_1...
Run output will be captured here: C:/Users/lefev/Desktop/SpaceTerm/SpaceTerm.runs/synth_1/runme.log
[Sat Apr 11 22:15:57 2020] Launched impl_1...
Run output will be captured here: C:/Users/lefev/Desktop/SpaceTerm/SpaceTerm.runs/impl_1/runme.log
set_property PROBES.FILE {} [get_hw_devices xc7a100t_0]
set_property FULL_PROBES.FILE {} [get_hw_devices xc7a100t_0]
set_property PROGRAM.FILE {C:/Users/lefev/Desktop/SpaceTerm/SpaceTerm.runs/impl_1/vga.bit} [get_hw_devices xc7a100t_0]
program_hw_devices [get_hw_devices xc7a100t_0]
INFO: [Labtools 27-3164] End of startup status: HIGH
refresh_hw_device [lindex [get_hw_devices xc7a100t_0] 0]
INFO: [Labtools 27-1434] Device xc7a100t (JTAG device index = 0) is programmed with a design that has no supported debug core(s) in it.
reset_run synth_1
WARNING: [Vivado 12-1017] Problems encountered:
1. Failed to delete one or more files in run directory C:/Users/lefev/Desktop/SpaceTerm/SpaceTerm.runs/synth_1

launch_runs impl_1 -to_step write_bitstream -jobs 2
[Sat Apr 11 22:24:54 2020] Launched synth_1...
Run output will be captured here: C:/Users/lefev/Desktop/SpaceTerm/SpaceTerm.runs/synth_1/runme.log
[Sat Apr 11 22:24:54 2020] Launched impl_1...
Run output will be captured here: C:/Users/lefev/Desktop/SpaceTerm/SpaceTerm.runs/impl_1/runme.log
update_compile_order -fileset sources_1
update_compile_order -fileset sources_1
reset_run synth_1
WARNING: [Vivado 12-1017] Problems encountered:
1. Failed to delete one or more files in run directory C:/Users/lefev/Desktop/SpaceTerm/SpaceTerm.runs/synth_1

launch_runs impl_1 -to_step write_bitstream -jobs 2
[Sat Apr 11 23:38:01 2020] Launched synth_1...
Run output will be captured here: C:/Users/lefev/Desktop/SpaceTerm/SpaceTerm.runs/synth_1/runme.log
[Sat Apr 11 23:38:01 2020] Launched impl_1...
Run output will be captured here: C:/Users/lefev/Desktop/SpaceTerm/SpaceTerm.runs/impl_1/runme.log
set_property PROBES.FILE {} [get_hw_devices xc7a100t_0]
set_property FULL_PROBES.FILE {} [get_hw_devices xc7a100t_0]
set_property PROGRAM.FILE {C:/Users/lefev/Desktop/SpaceTerm/SpaceTerm.runs/impl_1/vga.bit} [get_hw_devices xc7a100t_0]
program_hw_devices [get_hw_devices xc7a100t_0]
INFO: [Labtools 27-3164] End of startup status: HIGH
refresh_hw_device [lindex [get_hw_devices xc7a100t_0] 0]
INFO: [Labtools 27-1434] Device xc7a100t (JTAG device index = 0) is programmed with a design that has no supported debug core(s) in it.
reset_run synth_1
WARNING: [Vivado 12-1017] Problems encountered:
1. Failed to delete one or more files in run directory C:/Users/lefev/Desktop/SpaceTerm/SpaceTerm.runs/synth_1

launch_runs impl_1 -to_step write_bitstream -jobs 2
[Sat Apr 11 23:44:16 2020] Launched synth_1...
Run output will be captured here: C:/Users/lefev/Desktop/SpaceTerm/SpaceTerm.runs/synth_1/runme.log
[Sat Apr 11 23:44:16 2020] Launched impl_1...
Run output will be captured here: C:/Users/lefev/Desktop/SpaceTerm/SpaceTerm.runs/impl_1/runme.log
set_property PROBES.FILE {} [get_hw_devices xc7a100t_0]
set_property FULL_PROBES.FILE {} [get_hw_devices xc7a100t_0]
set_property PROGRAM.FILE {C:/Users/lefev/Desktop/SpaceTerm/SpaceTerm.runs/impl_1/vga.bit} [get_hw_devices xc7a100t_0]
program_hw_devices [get_hw_devices xc7a100t_0]
INFO: [Labtools 27-3164] End of startup status: HIGH
refresh_hw_device [lindex [get_hw_devices xc7a100t_0] 0]
INFO: [Labtools 27-1434] Device xc7a100t (JTAG device index = 0) is programmed with a design that has no supported debug core(s) in it.
reset_run synth_1
WARNING: [Vivado 12-1017] Problems encountered:
1. Failed to delete one or more files in run directory C:/Users/lefev/Desktop/SpaceTerm/SpaceTerm.runs/synth_1

launch_runs impl_1 -to_step write_bitstream -jobs 2
[Sat Apr 11 23:52:38 2020] Launched synth_1...
Run output will be captured here: C:/Users/lefev/Desktop/SpaceTerm/SpaceTerm.runs/synth_1/runme.log
[Sat Apr 11 23:52:39 2020] Launched impl_1...
Run output will be captured here: C:/Users/lefev/Desktop/SpaceTerm/SpaceTerm.runs/impl_1/runme.log
set_property PROBES.FILE {} [get_hw_devices xc7a100t_0]
set_property FULL_PROBES.FILE {} [get_hw_devices xc7a100t_0]
set_property PROGRAM.FILE {C:/Users/lefev/Desktop/SpaceTerm/SpaceTerm.runs/impl_1/vga.bit} [get_hw_devices xc7a100t_0]
program_hw_devices [get_hw_devices xc7a100t_0]
INFO: [Labtools 27-3164] End of startup status: HIGH
refresh_hw_device [lindex [get_hw_devices xc7a100t_0] 0]
INFO: [Labtools 27-1434] Device xc7a100t (JTAG device index = 0) is programmed with a design that has no supported debug core(s) in it.
reset_run synth_1
WARNING: [Vivado 12-1017] Problems encountered:
1. Failed to delete one or more files in run directory C:/Users/lefev/Desktop/SpaceTerm/SpaceTerm.runs/synth_1

launch_runs impl_1 -to_step write_bitstream -jobs 2
[Sun Apr 12 00:08:24 2020] Launched synth_1...
Run output will be captured here: C:/Users/lefev/Desktop/SpaceTerm/SpaceTerm.runs/synth_1/runme.log
[Sun Apr 12 00:08:24 2020] Launched impl_1...
Run output will be captured here: C:/Users/lefev/Desktop/SpaceTerm/SpaceTerm.runs/impl_1/runme.log
set_property PROBES.FILE {} [get_hw_devices xc7a100t_0]
set_property FULL_PROBES.FILE {} [get_hw_devices xc7a100t_0]
set_property PROGRAM.FILE {C:/Users/lefev/Desktop/SpaceTerm/SpaceTerm.runs/impl_1/vga.bit} [get_hw_devices xc7a100t_0]
program_hw_devices [get_hw_devices xc7a100t_0]
INFO: [Labtools 27-3164] End of startup status: HIGH
refresh_hw_device [lindex [get_hw_devices xc7a100t_0] 0]
INFO: [Labtools 27-1434] Device xc7a100t (JTAG device index = 0) is programmed with a design that has no supported debug core(s) in it.
reset_run synth_1
WARNING: [Vivado 12-1017] Problems encountered:
1. Failed to delete one or more files in run directory C:/Users/lefev/Desktop/SpaceTerm/SpaceTerm.runs/synth_1

launch_runs impl_1 -to_step write_bitstream -jobs 2
[Sun Apr 12 00:25:52 2020] Launched synth_1...
Run output will be captured here: C:/Users/lefev/Desktop/SpaceTerm/SpaceTerm.runs/synth_1/runme.log
[Sun Apr 12 00:25:52 2020] Launched impl_1...
Run output will be captured here: C:/Users/lefev/Desktop/SpaceTerm/SpaceTerm.runs/impl_1/runme.log
set_property PROBES.FILE {} [get_hw_devices xc7a100t_0]
set_property FULL_PROBES.FILE {} [get_hw_devices xc7a100t_0]
set_property PROGRAM.FILE {C:/Users/lefev/Desktop/SpaceTerm/SpaceTerm.runs/impl_1/vga.bit} [get_hw_devices xc7a100t_0]
program_hw_devices [get_hw_devices xc7a100t_0]
INFO: [Labtools 27-3164] End of startup status: HIGH
refresh_hw_device [lindex [get_hw_devices xc7a100t_0] 0]
INFO: [Labtools 27-1434] Device xc7a100t (JTAG device index = 0) is programmed with a design that has no supported debug core(s) in it.
reset_run synth_1
WARNING: [Vivado 12-1017] Problems encountered:
1. Failed to delete one or more files in run directory C:/Users/lefev/Desktop/SpaceTerm/SpaceTerm.runs/synth_1

launch_runs impl_1 -to_step write_bitstream -jobs 2
[Sun Apr 12 00:30:14 2020] Launched synth_1...
Run output will be captured here: C:/Users/lefev/Desktop/SpaceTerm/SpaceTerm.runs/synth_1/runme.log
[Sun Apr 12 00:30:15 2020] Launched impl_1...
Run output will be captured here: C:/Users/lefev/Desktop/SpaceTerm/SpaceTerm.runs/impl_1/runme.log
set_property PROBES.FILE {} [get_hw_devices xc7a100t_0]
set_property FULL_PROBES.FILE {} [get_hw_devices xc7a100t_0]
set_property PROGRAM.FILE {C:/Users/lefev/Desktop/SpaceTerm/SpaceTerm.runs/impl_1/vga.bit} [get_hw_devices xc7a100t_0]
program_hw_devices [get_hw_devices xc7a100t_0]
INFO: [Labtools 27-3164] End of startup status: HIGH
refresh_hw_device [lindex [get_hw_devices xc7a100t_0] 0]
INFO: [Labtools 27-1434] Device xc7a100t (JTAG device index = 0) is programmed with a design that has no supported debug core(s) in it.
reset_run synth_1
WARNING: [Vivado 12-1017] Problems encountered:
1. Failed to delete one or more files in run directory C:/Users/lefev/Desktop/SpaceTerm/SpaceTerm.runs/synth_1

launch_runs impl_1 -to_step write_bitstream -jobs 2
[Sun Apr 12 00:36:42 2020] Launched synth_1...
Run output will be captured here: C:/Users/lefev/Desktop/SpaceTerm/SpaceTerm.runs/synth_1/runme.log
[Sun Apr 12 00:36:42 2020] Launched impl_1...
Run output will be captured here: C:/Users/lefev/Desktop/SpaceTerm/SpaceTerm.runs/impl_1/runme.log
set_property PROBES.FILE {} [get_hw_devices xc7a100t_0]
set_property FULL_PROBES.FILE {} [get_hw_devices xc7a100t_0]
set_property PROGRAM.FILE {C:/Users/lefev/Desktop/SpaceTerm/SpaceTerm.runs/impl_1/vga.bit} [get_hw_devices xc7a100t_0]
program_hw_devices [get_hw_devices xc7a100t_0]
INFO: [Labtools 27-3164] End of startup status: HIGH
refresh_hw_device [lindex [get_hw_devices xc7a100t_0] 0]
INFO: [Labtools 27-1434] Device xc7a100t (JTAG device index = 0) is programmed with a design that has no supported debug core(s) in it.
reset_run impl_1 -prev_step 
launch_runs impl_1 -to_step write_bitstream -jobs 2
[Sun Apr 12 00:41:41 2020] Launched impl_1...
Run output will be captured here: C:/Users/lefev/Desktop/SpaceTerm/SpaceTerm.runs/impl_1/runme.log
reset_run synth_1
WARNING: [Vivado 12-1017] Problems encountered:
1. Failed to delete one or more files in run directory C:/Users/lefev/Desktop/SpaceTerm/SpaceTerm.runs/synth_1

launch_runs impl_1 -to_step write_bitstream -jobs 2
[Sun Apr 12 00:45:07 2020] Launched synth_1...
Run output will be captured here: C:/Users/lefev/Desktop/SpaceTerm/SpaceTerm.runs/synth_1/runme.log
[Sun Apr 12 00:45:07 2020] Launched impl_1...
Run output will be captured here: C:/Users/lefev/Desktop/SpaceTerm/SpaceTerm.runs/impl_1/runme.log
close [ open C:/Users/lefev/Desktop/SpaceTerm/SpaceTerm.srcs/sources_1/new/testing.sv w ]
add_files C:/Users/lefev/Desktop/SpaceTerm/SpaceTerm.srcs/sources_1/new/testing.sv
update_compile_order -fileset sources_1
update_compile_order -fileset sources_1
set_property PROBES.FILE {} [get_hw_devices xc7a100t_0]
set_property FULL_PROBES.FILE {} [get_hw_devices xc7a100t_0]
set_property PROGRAM.FILE {C:/Users/lefev/Desktop/SpaceTerm/SpaceTerm.runs/impl_1/vga.bit} [get_hw_devices xc7a100t_0]
program_hw_devices [get_hw_devices xc7a100t_0]
INFO: [Labtools 27-3164] End of startup status: HIGH
refresh_hw_device [lindex [get_hw_devices xc7a100t_0] 0]
INFO: [Labtools 27-1434] Device xc7a100t (JTAG device index = 0) is programmed with a design that has no supported debug core(s) in it.
reset_run synth_1
WARNING: [Vivado 12-1017] Problems encountered:
1. Failed to delete one or more files in run directory C:/Users/lefev/Desktop/SpaceTerm/SpaceTerm.runs/synth_1

launch_runs impl_1 -to_step write_bitstream -jobs 2
[Sun Apr 12 00:49:32 2020] Launched synth_1...
Run output will be captured here: C:/Users/lefev/Desktop/SpaceTerm/SpaceTerm.runs/synth_1/runme.log
[Sun Apr 12 00:49:33 2020] Launched impl_1...
Run output will be captured here: C:/Users/lefev/Desktop/SpaceTerm/SpaceTerm.runs/impl_1/runme.log
reset_run synth_1
WARNING: [Vivado 12-1017] Problems encountered:
1. Failed to delete one or more files in run directory C:/Users/lefev/Desktop/SpaceTerm/SpaceTerm.runs/synth_1

launch_runs impl_1 -to_step write_bitstream -jobs 2
[Sun Apr 12 00:52:54 2020] Launched synth_1...
Run output will be captured here: C:/Users/lefev/Desktop/SpaceTerm/SpaceTerm.runs/synth_1/runme.log
[Sun Apr 12 00:52:55 2020] Launched impl_1...
Run output will be captured here: C:/Users/lefev/Desktop/SpaceTerm/SpaceTerm.runs/impl_1/runme.log
reset_run impl_1
INFO: [Common 17-41] Interrupt caught. Command should exit soon.
INFO: [Common 17-344] 'reset_runs' was cancelled
export_ip_user_files -of_objects  [get_files C:/Users/lefev/Desktop/SpaceTerm/SpaceTerm.srcs/sources_1/new/testing.sv] -no_script -reset -force -quiet
remove_files  C:/Users/lefev/Desktop/SpaceTerm/SpaceTerm.srcs/sources_1/new/testing.sv
remove_files  C:/Users/lefev/Desktop/SpaceTerm/SpaceTerm.srcs/sources_1/new/testing.sv
WARNING: [Vivado 12-818] No files matched 'C:/Users/lefev/Desktop/SpaceTerm/SpaceTerm.srcs/sources_1/new/testing.sv'
file delete -force C:/Users/lefev/Desktop/SpaceTerm/SpaceTerm.srcs/sources_1/new/testing.sv
reset_run synth_1
WARNING: [Vivado 12-1017] Problems encountered:
1. Failed to delete one or more files in run directory C:/Users/lefev/Desktop/SpaceTerm/SpaceTerm.runs/synth_1

launch_runs impl_1 -to_step write_bitstream -jobs 2
[Sun Apr 12 00:54:42 2020] Launched synth_1...
Run output will be captured here: C:/Users/lefev/Desktop/SpaceTerm/SpaceTerm.runs/synth_1/runme.log
[Sun Apr 12 00:54:42 2020] Launched impl_1...
Run output will be captured here: C:/Users/lefev/Desktop/SpaceTerm/SpaceTerm.runs/impl_1/runme.log
set_property PROBES.FILE {} [get_hw_devices xc7a100t_0]
set_property FULL_PROBES.FILE {} [get_hw_devices xc7a100t_0]
set_property PROGRAM.FILE {C:/Users/lefev/Desktop/SpaceTerm/SpaceTerm.runs/impl_1/vga.bit} [get_hw_devices xc7a100t_0]
program_hw_devices [get_hw_devices xc7a100t_0]
INFO: [Labtools 27-3164] End of startup status: HIGH
refresh_hw_device [lindex [get_hw_devices xc7a100t_0] 0]
INFO: [Labtools 27-1434] Device xc7a100t (JTAG device index = 0) is programmed with a design that has no supported debug core(s) in it.
close_sim
INFO: [Simtcl 6-16] Simulation closed
exit
INFO: [Common 17-206] Exiting Vivado at Sun Apr 12 00:58:26 2020...
